2019-02-12 17:15:45,627 INFO o.a.j.u.JMeterUtils: Setting Locale to en_EN
2019-02-12 17:15:45,643 INFO o.a.j.JMeter: Loading user properties from: /usr/local/Cellar/jmeter/5.0/libexec/bin/user.properties
2019-02-12 17:15:45,643 INFO o.a.j.JMeter: Loading system properties from: /usr/local/Cellar/jmeter/5.0/libexec/bin/system.properties
2019-02-12 17:15:45,647 INFO o.a.j.JMeter: Copyright (c) 1998-2018 The Apache Software Foundation
2019-02-12 17:15:45,647 INFO o.a.j.JMeter: Version 5.0 r1840935
2019-02-12 17:15:45,647 INFO o.a.j.JMeter: java.version=1.8.0_181
2019-02-12 17:15:45,647 INFO o.a.j.JMeter: java.vm.name=Java HotSpot(TM) 64-Bit Server VM
2019-02-12 17:15:45,647 INFO o.a.j.JMeter: os.name=Mac OS X
2019-02-12 17:15:45,647 INFO o.a.j.JMeter: os.arch=x86_64
2019-02-12 17:15:45,647 INFO o.a.j.JMeter: os.version=10.14.2
2019-02-12 17:15:45,647 INFO o.a.j.JMeter: file.encoding=UTF-8
2019-02-12 17:15:45,647 INFO o.a.j.JMeter: Max memory     =1073741824
2019-02-12 17:15:45,647 INFO o.a.j.JMeter: Available Processors =12
2019-02-12 17:15:45,650 INFO o.a.j.JMeter: Default Locale=English (EN)
2019-02-12 17:15:45,650 INFO o.a.j.JMeter: JMeter  Locale=English (EN)
2019-02-12 17:15:45,650 INFO o.a.j.JMeter: JMeterHome=/usr/local/Cellar/jmeter/5.0/libexec
2019-02-12 17:15:45,651 INFO o.a.j.JMeter: user.dir  =/Users/maqix/workspace/jenkins-button
2019-02-12 17:15:45,651 INFO o.a.j.JMeter: PWD       =/Users/maqix/workspace/jenkins-button
2019-02-12 17:15:45,652 INFO o.a.j.JMeter: IP: 10.75.131.98 Name: urasc-lap.sky.local FullName: 10.75.131.98
2019-02-12 17:15:47,036 INFO o.a.j.g.a.LookAndFeelCommand: Installing Darcula LAF
2019-02-12 17:15:47,048 INFO o.a.j.g.a.LookAndFeelCommand: Using look and feel: com.bulenkov.darcula.DarculaLaf [Darcula]
2019-02-12 17:15:47,048 INFO o.a.j.JMeter: Setting LAF to: com.bulenkov.darcula.DarculaLaf
2019-02-12 17:15:47,122 INFO o.a.j.JMeter: Loaded icon properties from org/apache/jmeter/images/icon.properties
2019-02-12 17:15:47,831 INFO o.a.j.e.u.CompoundVariable: Note: Function class names must contain the string: '.functions.'
2019-02-12 17:15:47,831 INFO o.a.j.e.u.CompoundVariable: Note: Function class names must not contain the string: '.gui.'
2019-02-12 17:15:48,877 INFO k.a.j.JMeterPluginsUtils: JMeter-Plugins.org v.1.4.0
2019-02-12 17:15:49,274 WARN o.a.j.g.u.MenuFactory: Configuration error, probably corrupt or missing third party library(jar)? Could not create class: kg.apc.jmeter.reporters.LoadosophiaUploaderGui.
java.lang.NoClassDefFoundError: org/apache/commons/httpclient/methods/multipart/PartSource
	at kg.apc.jmeter.reporters.LoadosophiaUploaderGui.init(LoadosophiaUploaderGui.java:114) ~[JMeterPlugins-Standard.jar:?]
	at kg.apc.jmeter.reporters.LoadosophiaUploaderGui.<init>(LoadosophiaUploaderGui.java:28) ~[JMeterPlugins-Standard.jar:?]
	at sun.reflect.NativeConstructorAccessorImpl.newInstance0(Native Method) ~[?:1.8.0_181]
	at sun.reflect.NativeConstructorAccessorImpl.newInstance(NativeConstructorAccessorImpl.java:62) ~[?:1.8.0_181]
	at sun.reflect.DelegatingConstructorAccessorImpl.newInstance(DelegatingConstructorAccessorImpl.java:45) ~[?:1.8.0_181]
	at java.lang.reflect.Constructor.newInstance(Constructor.java:423) ~[?:1.8.0_181]
	at java.lang.Class.newInstance(Class.java:442) ~[?:1.8.0_181]
	at org.apache.jmeter.gui.util.MenuFactory.getGUIComponent(MenuFactory.java:174) ~[ApacheJMeter_core.jar:5.0 r1840935]
	at org.apache.jmeter.gui.util.MenuFactory.initializeMenus(MenuFactory.java:141) ~[ApacheJMeter_core.jar:5.0 r1840935]
	at org.apache.jmeter.gui.util.MenuFactory.<clinit>(MenuFactory.java:106) ~[ApacheJMeter_core.jar:5.0 r1840935]
	at org.apache.jmeter.control.gui.TestPlanGui.createPopupMenu(TestPlanGui.java:92) ~[ApacheJMeter_core.jar:5.0 r1840935]
	at org.apache.jmeter.gui.tree.JMeterTreeNode.createPopupMenu(JMeterTreeNode.java:184) ~[ApacheJMeter_core.jar:5.0 r1840935]
	at org.apache.jmeter.gui.action.EditCommand.doAction(EditCommand.java:46) ~[ApacheJMeter_core.jar:5.0 r1840935]
	at org.apache.jmeter.gui.action.ActionRouter.performAction(ActionRouter.java:88) ~[ApacheJMeter_core.jar:5.0 r1840935]
	at org.apache.jmeter.gui.action.ActionRouter.lambda$actionPerformed$0(ActionRouter.java:70) ~[ApacheJMeter_core.jar:5.0 r1840935]
	at java.awt.event.InvocationEvent.dispatch(InvocationEvent.java:311) [?:1.8.0_181]
	at java.awt.EventQueue.dispatchEventImpl(EventQueue.java:758) [?:1.8.0_181]
	at java.awt.EventQueue.access$500(EventQueue.java:97) [?:1.8.0_181]
	at java.awt.EventQueue$3.run(EventQueue.java:709) [?:1.8.0_181]
	at java.awt.EventQueue$3.run(EventQueue.java:703) [?:1.8.0_181]
	at java.security.AccessController.doPrivileged(Native Method) [?:1.8.0_181]
	at java.security.ProtectionDomain$JavaSecurityAccessImpl.doIntersectionPrivilege(ProtectionDomain.java:74) [?:1.8.0_181]
	at java.awt.EventQueue.dispatchEvent(EventQueue.java:728) [?:1.8.0_181]
	at java.awt.EventDispatchThread.pumpOneEventForFilters(EventDispatchThread.java:205) [?:1.8.0_181]
	at java.awt.EventDispatchThread.pumpEventsForFilter(EventDispatchThread.java:116) [?:1.8.0_181]
	at java.awt.EventDispatchThread.pumpEventsForHierarchy(EventDispatchThread.java:105) [?:1.8.0_181]
	at java.awt.EventDispatchThread.pumpEvents(EventDispatchThread.java:101) [?:1.8.0_181]
	at java.awt.EventDispatchThread.pumpEvents(EventDispatchThread.java:93) [?:1.8.0_181]
	at java.awt.EventDispatchThread.run(EventDispatchThread.java:82) [?:1.8.0_181]
Caused by: java.lang.ClassNotFoundException: org.apache.commons.httpclient.methods.multipart.PartSource
	at java.net.URLClassLoader.findClass(URLClassLoader.java:381) ~[?:1.8.0_181]
	at java.lang.ClassLoader.loadClass(ClassLoader.java:424) ~[?:1.8.0_181]
	at java.lang.ClassLoader.loadClass(ClassLoader.java:357) ~[?:1.8.0_181]
	... 29 more
2019-02-12 17:15:49,732 INFO o.a.j.p.h.s.HTTPSamplerBase: Parser for text/html is org.apache.jmeter.protocol.http.parser.LagartoBasedHtmlParser
2019-02-12 17:15:49,732 INFO o.a.j.p.h.s.HTTPSamplerBase: Parser for application/xhtml+xml is org.apache.jmeter.protocol.http.parser.LagartoBasedHtmlParser
2019-02-12 17:15:49,732 INFO o.a.j.p.h.s.HTTPSamplerBase: Parser for application/xml is org.apache.jmeter.protocol.http.parser.LagartoBasedHtmlParser
2019-02-12 17:15:49,733 INFO o.a.j.p.h.s.HTTPSamplerBase: Parser for text/xml is org.apache.jmeter.protocol.http.parser.LagartoBasedHtmlParser
2019-02-12 17:15:49,733 INFO o.a.j.p.h.s.HTTPSamplerBase: Parser for text/vnd.wap.wml is org.apache.jmeter.protocol.http.parser.RegexpHTMLParser
2019-02-12 17:15:49,733 INFO o.a.j.p.h.s.HTTPSamplerBase: Parser for text/css is org.apache.jmeter.protocol.http.parser.CssParser
2019-02-12 17:15:50,005 INFO o.a.j.e.KeyToolUtils: keytool found at 'keytool'
2019-02-12 17:15:50,006 INFO o.a.j.p.h.p.ProxyControl: HTTP(S) Test Script Recorder SSL Proxy will use keys that support embedded 3rd party resources in file /usr/local/Cellar/jmeter/5.0/libexec/bin/proxyserver.jks
2019-02-12 17:15:50,113 INFO o.a.j.s.FileServer: Default base='/Users/maqix/workspace/jenkins-button'
2019-02-12 17:15:50,306 INFO o.a.j.s.SampleResult: Note: Sample TimeStamps are START times
2019-02-12 17:15:50,306 INFO o.a.j.s.SampleResult: sampleresult.default.encoding is set to ISO-8859-1
2019-02-12 17:15:50,307 INFO o.a.j.s.SampleResult: sampleresult.useNanoTime=true
2019-02-12 17:15:50,307 INFO o.a.j.s.SampleResult: sampleresult.nanoThreadSleep=5000
2019-02-12 17:17:03,166 INFO o.a.j.g.a.Load: Loading file: /Users/maqix/Downloads/filtro.jmx
2019-02-12 17:17:03,167 INFO o.a.j.s.FileServer: Set new base='/Users/maqix/Downloads'
2019-02-12 17:17:03,284 INFO o.a.j.s.SaveService: Testplan (JMX) version: 2.2. Testlog (JTL) version: 2.2
2019-02-12 17:17:03,295 INFO o.a.j.s.SaveService: Using SaveService properties file encoding UTF-8
2019-02-12 17:17:03,296 INFO o.a.j.s.SaveService: Using SaveService properties version 5.0
2019-02-12 17:17:03,297 INFO o.a.j.s.SaveService: Loading file: /Users/maqix/Downloads/filtro.jmx
2019-02-12 17:17:03,349 INFO o.a.j.s.FileServer: Set new base='/Users/maqix/Downloads'
2019-02-12 17:19:02,940 INFO o.a.j.e.StandardJMeterEngine: Running the test!
2019-02-12 17:19:02,941 INFO o.a.j.s.SampleEvent: List of sample_variables: []
2019-02-12 17:19:02,941 INFO o.a.j.s.SampleEvent: List of sample_variables: []
2019-02-12 17:19:02,944 INFO o.a.j.g.u.JMeterMenuBar: setRunning(true, *local*)
2019-02-12 17:19:03,117 INFO o.a.j.e.StandardJMeterEngine: Starting ThreadGroup: 1 : Thread Group
2019-02-12 17:19:03,117 INFO o.a.j.e.StandardJMeterEngine: Starting 1 threads for group Thread Group.
2019-02-12 17:19:03,118 INFO o.a.j.e.StandardJMeterEngine: Thread will continue on error
2019-02-12 17:19:03,118 INFO o.a.j.t.ThreadGroup: Starting thread group... number=1 threads=1 ramp-up=10 perThread=10000.0 delayedStart=false
2019-02-12 17:19:03,120 INFO o.a.j.t.ThreadGroup: Started thread group number 1
2019-02-12 17:19:03,120 INFO o.a.j.e.StandardJMeterEngine: All thread groups have been started
2019-02-12 17:19:03,122 INFO o.a.j.t.JMeterThread: Thread started: Thread Group 1-1
2019-02-12 17:19:03,136 INFO o.a.j.p.h.s.HTTPHCAbstractImpl: Local host = urasc-lap.sky.local
2019-02-12 17:19:03,144 INFO o.a.j.p.h.s.HTTPHC4Impl: HTTP request retry count = 0
2019-02-12 17:19:03,348 INFO o.a.j.t.JMeterThread: Thread is done: Thread Group 1-1
2019-02-12 17:19:03,348 INFO o.a.j.t.JMeterThread: Thread finished: Thread Group 1-1
2019-02-12 17:19:03,350 INFO o.a.j.e.StandardJMeterEngine: Notifying test listeners of end of test
2019-02-12 17:19:03,350 INFO o.a.j.g.u.JMeterMenuBar: setRunning(false, *local*)
2019-02-12 17:20:40,269 INFO o.a.j.e.StandardJMeterEngine: Running the test!
2019-02-12 17:20:40,270 INFO o.a.j.s.SampleEvent: List of sample_variables: []
2019-02-12 17:20:40,271 INFO o.a.j.g.u.JMeterMenuBar: setRunning(true, *local*)
2019-02-12 17:20:40,399 INFO o.a.j.e.StandardJMeterEngine: Starting ThreadGroup: 1 : Thread Group
2019-02-12 17:20:40,399 INFO o.a.j.e.StandardJMeterEngine: Starting 1 threads for group Thread Group.
2019-02-12 17:20:40,399 INFO o.a.j.e.StandardJMeterEngine: Thread will continue on error
2019-02-12 17:20:40,399 INFO o.a.j.t.ThreadGroup: Starting thread group... number=1 threads=1 ramp-up=10 perThread=10000.0 delayedStart=false
2019-02-12 17:20:40,400 INFO o.a.j.t.ThreadGroup: Started thread group number 1
2019-02-12 17:20:40,400 INFO o.a.j.e.StandardJMeterEngine: All thread groups have been started
2019-02-12 17:20:40,401 INFO o.a.j.t.JMeterThread: Thread started: Thread Group 1-1
2019-02-12 17:20:40,962 INFO o.a.j.t.JMeterThread: Thread is done: Thread Group 1-1
2019-02-12 17:20:40,993 INFO o.a.j.t.JMeterThread: Thread finished: Thread Group 1-1
2019-02-12 17:20:40,993 INFO o.a.j.e.StandardJMeterEngine: Notifying test listeners of end of test
2019-02-12 17:20:40,993 INFO o.a.j.g.u.JMeterMenuBar: setRunning(false, *local*)
2019-02-12 17:26:32,439 INFO o.a.j.e.StandardJMeterEngine: Running the test!
2019-02-12 17:26:32,440 INFO o.a.j.s.SampleEvent: List of sample_variables: []
2019-02-12 17:26:32,442 INFO o.a.j.g.u.JMeterMenuBar: setRunning(true, *local*)
2019-02-12 17:26:32,553 INFO o.a.j.e.StandardJMeterEngine: Starting ThreadGroup: 1 : Thread Group
2019-02-12 17:26:32,553 INFO o.a.j.e.StandardJMeterEngine: Starting 200 threads for group Thread Group.
2019-02-12 17:26:32,553 INFO o.a.j.e.StandardJMeterEngine: Thread will continue on error
2019-02-12 17:26:32,554 INFO o.a.j.t.ThreadGroup: Starting thread group... number=1 threads=200 ramp-up=2 perThread=10.0 delayedStart=false
2019-02-12 17:26:32,555 INFO o.a.j.t.JMeterThread: Thread started: Thread Group 1-1
2019-02-12 17:26:32,566 INFO o.a.j.t.JMeterThread: Thread started: Thread Group 1-2
2019-02-12 17:26:32,578 INFO o.a.j.t.JMeterThread: Thread started: Thread Group 1-3
2019-02-12 17:26:32,592 INFO o.a.j.t.JMeterThread: Thread started: Thread Group 1-4
2019-02-12 17:26:32,594 INFO o.a.j.t.ThreadGroup: Started thread group number 1
2019-02-12 17:26:32,594 INFO o.a.j.e.StandardJMeterEngine: All thread groups have been started
2019-02-12 17:26:32,604 INFO o.a.j.t.JMeterThread: Thread started: Thread Group 1-5
2019-02-12 17:26:32,615 INFO o.a.j.t.JMeterThread: Thread started: Thread Group 1-6
2019-02-12 17:26:32,625 INFO o.a.j.t.JMeterThread: Thread started: Thread Group 1-7
2019-02-12 17:26:32,633 INFO o.a.j.t.JMeterThread: Thread started: Thread Group 1-8
2019-02-12 17:26:32,643 INFO o.a.j.t.JMeterThread: Thread started: Thread Group 1-9
2019-02-12 17:26:32,654 INFO o.a.j.t.JMeterThread: Thread started: Thread Group 1-10
2019-02-12 17:26:32,665 INFO o.a.j.t.JMeterThread: Thread started: Thread Group 1-11
2019-02-12 17:26:32,675 INFO o.a.j.t.JMeterThread: Thread started: Thread Group 1-12
2019-02-12 17:26:32,684 INFO o.a.j.t.JMeterThread: Thread started: Thread Group 1-13
2019-02-12 17:26:32,696 INFO o.a.j.t.JMeterThread: Thread started: Thread Group 1-14
2019-02-12 17:26:32,707 INFO o.a.j.t.JMeterThread: Thread started: Thread Group 1-15
2019-02-12 17:26:32,716 INFO o.a.j.t.JMeterThread: Thread started: Thread Group 1-16
2019-02-12 17:26:32,727 INFO o.a.j.t.JMeterThread: Thread started: Thread Group 1-17
2019-02-12 17:26:32,736 INFO o.a.j.t.JMeterThread: Thread started: Thread Group 1-18
2019-02-12 17:26:32,747 INFO o.a.j.t.JMeterThread: Thread started: Thread Group 1-19
2019-02-12 17:26:32,755 INFO o.a.j.t.JMeterThread: Thread started: Thread Group 1-20
2019-02-12 17:26:32,766 INFO o.a.j.t.JMeterThread: Thread started: Thread Group 1-21
2019-02-12 17:26:32,778 INFO o.a.j.t.JMeterThread: Thread started: Thread Group 1-22
2019-02-12 17:26:32,788 INFO o.a.j.t.JMeterThread: Thread started: Thread Group 1-23
2019-02-12 17:26:32,795 INFO o.a.j.t.JMeterThread: Thread started: Thread Group 1-24
2019-02-12 17:26:32,809 INFO o.a.j.t.JMeterThread: Thread started: Thread Group 1-25
2019-02-12 17:26:32,816 INFO o.a.j.t.JMeterThread: Thread started: Thread Group 1-26
2019-02-12 17:26:32,828 INFO o.a.j.t.JMeterThread: Thread started: Thread Group 1-27
2019-02-12 17:26:32,838 INFO o.a.j.t.JMeterThread: Thread started: Thread Group 1-28
2019-02-12 17:26:32,849 INFO o.a.j.t.JMeterThread: Thread started: Thread Group 1-29
2019-02-12 17:26:32,860 INFO o.a.j.t.JMeterThread: Thread started: Thread Group 1-30
2019-02-12 17:26:32,868 INFO o.a.j.t.JMeterThread: Thread started: Thread Group 1-31
2019-02-12 17:26:32,881 INFO o.a.j.t.JMeterThread: Thread started: Thread Group 1-32
2019-02-12 17:26:32,890 INFO o.a.j.t.JMeterThread: Thread started: Thread Group 1-33
2019-02-12 17:26:32,901 INFO o.a.j.t.JMeterThread: Thread started: Thread Group 1-34
2019-02-12 17:26:32,908 INFO o.a.j.t.JMeterThread: Thread started: Thread Group 1-35
2019-02-12 17:26:32,921 INFO o.a.j.t.JMeterThread: Thread started: Thread Group 1-36
2019-02-12 17:26:32,929 INFO o.a.j.t.JMeterThread: Thread started: Thread Group 1-37
2019-02-12 17:26:32,942 INFO o.a.j.t.JMeterThread: Thread started: Thread Group 1-38
2019-02-12 17:26:32,949 INFO o.a.j.t.JMeterThread: Thread started: Thread Group 1-39
2019-02-12 17:26:32,961 INFO o.a.j.t.JMeterThread: Thread started: Thread Group 1-40
2019-02-12 17:26:32,971 INFO o.a.j.t.JMeterThread: Thread started: Thread Group 1-41
2019-02-12 17:26:32,984 INFO o.a.j.t.JMeterThread: Thread started: Thread Group 1-42
2019-02-12 17:26:32,991 INFO o.a.j.t.JMeterThread: Thread started: Thread Group 1-43
2019-02-12 17:26:33,003 INFO o.a.j.t.JMeterThread: Thread started: Thread Group 1-44
2019-02-12 17:26:33,014 INFO o.a.j.t.JMeterThread: Thread started: Thread Group 1-45
2019-02-12 17:26:33,022 INFO o.a.j.t.JMeterThread: Thread started: Thread Group 1-46
2019-02-12 17:26:33,031 INFO o.a.j.t.JMeterThread: Thread started: Thread Group 1-47
2019-02-12 17:26:33,044 INFO o.a.j.t.JMeterThread: Thread started: Thread Group 1-48
2019-02-12 17:26:33,054 INFO o.a.j.t.JMeterThread: Thread started: Thread Group 1-49
2019-02-12 17:26:33,064 INFO o.a.j.t.JMeterThread: Thread started: Thread Group 1-50
2019-02-12 17:26:33,076 INFO o.a.j.t.JMeterThread: Thread started: Thread Group 1-51
2019-02-12 17:26:33,085 INFO o.a.j.t.JMeterThread: Thread started: Thread Group 1-52
2019-02-12 17:26:33,095 INFO o.a.j.t.JMeterThread: Thread started: Thread Group 1-53
2019-02-12 17:26:33,104 INFO o.a.j.t.JMeterThread: Thread started: Thread Group 1-54
2019-02-12 17:26:33,117 INFO o.a.j.t.JMeterThread: Thread started: Thread Group 1-55
2019-02-12 17:26:33,124 INFO o.a.j.t.JMeterThread: Thread started: Thread Group 1-56
2019-02-12 17:26:33,136 INFO o.a.j.t.JMeterThread: Thread started: Thread Group 1-57
2019-02-12 17:26:33,146 INFO o.a.j.t.JMeterThread: Thread started: Thread Group 1-58
2019-02-12 17:26:33,157 INFO o.a.j.t.JMeterThread: Thread started: Thread Group 1-59
2019-02-12 17:26:33,168 INFO o.a.j.t.JMeterThread: Thread started: Thread Group 1-60
2019-02-12 17:26:33,175 INFO o.a.j.t.JMeterThread: Thread started: Thread Group 1-61
2019-02-12 17:26:33,185 INFO o.a.j.t.JMeterThread: Thread started: Thread Group 1-62
2019-02-12 17:26:33,198 INFO o.a.j.t.JMeterThread: Thread started: Thread Group 1-63
2019-02-12 17:26:33,209 INFO o.a.j.t.JMeterThread: Thread started: Thread Group 1-64
2019-02-12 17:26:33,218 INFO o.a.j.t.JMeterThread: Thread started: Thread Group 1-65
2019-02-12 17:26:33,229 INFO o.a.j.t.JMeterThread: Thread started: Thread Group 1-66
2019-02-12 17:26:33,238 INFO o.a.j.t.JMeterThread: Thread started: Thread Group 1-67
2019-02-12 17:26:33,250 INFO o.a.j.t.JMeterThread: Thread started: Thread Group 1-68
2019-02-12 17:26:33,258 INFO o.a.j.t.JMeterThread: Thread started: Thread Group 1-69
2019-02-12 17:26:33,269 INFO o.a.j.t.JMeterThread: Thread started: Thread Group 1-70
2019-02-12 17:26:33,278 INFO o.a.j.t.JMeterThread: Thread started: Thread Group 1-71
2019-02-12 17:26:33,290 INFO o.a.j.t.JMeterThread: Thread started: Thread Group 1-72
2019-02-12 17:26:33,300 INFO o.a.j.t.JMeterThread: Thread started: Thread Group 1-73
2019-02-12 17:26:33,309 INFO o.a.j.t.JMeterThread: Thread started: Thread Group 1-74
2019-02-12 17:26:33,321 INFO o.a.j.t.JMeterThread: Thread started: Thread Group 1-75
2019-02-12 17:26:33,331 INFO o.a.j.t.JMeterThread: Thread started: Thread Group 1-76
2019-02-12 17:26:33,342 INFO o.a.j.t.JMeterThread: Thread started: Thread Group 1-77
2019-02-12 17:26:33,349 INFO o.a.j.t.JMeterThread: Thread started: Thread Group 1-78
2019-02-12 17:26:33,358 INFO o.a.j.t.JMeterThread: Thread started: Thread Group 1-79
2019-02-12 17:26:33,371 INFO o.a.j.t.JMeterThread: Thread started: Thread Group 1-80
2019-02-12 17:26:33,382 INFO o.a.j.t.JMeterThread: Thread started: Thread Group 1-81
2019-02-12 17:26:33,389 INFO o.a.j.t.JMeterThread: Thread started: Thread Group 1-82
2019-02-12 17:26:33,402 INFO o.a.j.t.JMeterThread: Thread started: Thread Group 1-83
2019-02-12 17:26:33,410 INFO o.a.j.t.JMeterThread: Thread started: Thread Group 1-84
2019-02-12 17:26:33,420 INFO o.a.j.t.JMeterThread: Thread started: Thread Group 1-85
2019-02-12 17:26:33,432 INFO o.a.j.t.JMeterThread: Thread started: Thread Group 1-86
2019-02-12 17:26:33,443 INFO o.a.j.t.JMeterThread: Thread started: Thread Group 1-87
2019-02-12 17:26:33,451 INFO o.a.j.t.JMeterThread: Thread started: Thread Group 1-88
2019-02-12 17:26:33,463 INFO o.a.j.t.JMeterThread: Thread started: Thread Group 1-89
2019-02-12 17:26:33,473 INFO o.a.j.t.JMeterThread: Thread started: Thread Group 1-90
2019-02-12 17:26:33,483 INFO o.a.j.t.JMeterThread: Thread started: Thread Group 1-91
2019-02-12 17:26:33,491 INFO o.a.j.t.JMeterThread: Thread started: Thread Group 1-92
2019-02-12 17:26:33,503 INFO o.a.j.t.JMeterThread: Thread started: Thread Group 1-93
2019-02-12 17:26:33,510 INFO o.a.j.t.JMeterThread: Thread started: Thread Group 1-94
2019-02-12 17:26:33,523 INFO o.a.j.t.JMeterThread: Thread started: Thread Group 1-95
2019-02-12 17:26:33,533 INFO o.a.j.t.JMeterThread: Thread started: Thread Group 1-96
2019-02-12 17:26:33,544 INFO o.a.j.t.JMeterThread: Thread started: Thread Group 1-97
2019-02-12 17:26:33,552 INFO o.a.j.t.JMeterThread: Thread started: Thread Group 1-98
2019-02-12 17:26:33,563 INFO o.a.j.t.JMeterThread: Thread started: Thread Group 1-99
2019-02-12 17:26:33,575 INFO o.a.j.t.JMeterThread: Thread started: Thread Group 1-100
2019-02-12 17:26:33,585 INFO o.a.j.t.JMeterThread: Thread started: Thread Group 1-101
2019-02-12 17:26:33,592 INFO o.a.j.t.JMeterThread: Thread started: Thread Group 1-102
2019-02-12 17:26:33,603 INFO o.a.j.t.JMeterThread: Thread started: Thread Group 1-103
2019-02-12 17:26:33,614 INFO o.a.j.t.JMeterThread: Thread started: Thread Group 1-104
2019-02-12 17:26:33,625 INFO o.a.j.t.JMeterThread: Thread started: Thread Group 1-105
2019-02-12 17:26:33,635 INFO o.a.j.t.JMeterThread: Thread started: Thread Group 1-106
2019-02-12 17:26:33,643 INFO o.a.j.t.JMeterThread: Thread started: Thread Group 1-107
2019-02-12 17:26:33,653 INFO o.a.j.t.JMeterThread: Thread started: Thread Group 1-108
2019-02-12 17:26:33,664 INFO o.a.j.t.JMeterThread: Thread started: Thread Group 1-109
2019-02-12 17:26:33,675 INFO o.a.j.t.JMeterThread: Thread started: Thread Group 1-110
2019-02-12 17:26:33,685 INFO o.a.j.t.JMeterThread: Thread started: Thread Group 1-111
2019-02-12 17:26:33,697 INFO o.a.j.t.JMeterThread: Thread started: Thread Group 1-112
2019-02-12 17:26:33,704 INFO o.a.j.t.JMeterThread: Thread started: Thread Group 1-113
2019-02-12 17:26:33,715 INFO o.a.j.t.JMeterThread: Thread started: Thread Group 1-114
2019-02-12 17:26:33,726 INFO o.a.j.t.JMeterThread: Thread started: Thread Group 1-115
2019-02-12 17:26:33,737 INFO o.a.j.t.JMeterThread: Thread started: Thread Group 1-116
2019-02-12 17:26:33,746 INFO o.a.j.t.JMeterThread: Thread started: Thread Group 1-117
2019-02-12 17:26:33,757 INFO o.a.j.t.JMeterThread: Thread started: Thread Group 1-118
2019-02-12 17:26:33,764 INFO o.a.j.t.JMeterThread: Thread started: Thread Group 1-119
2019-02-12 17:26:33,777 INFO o.a.j.t.JMeterThread: Thread started: Thread Group 1-120
2019-02-12 17:26:33,785 INFO o.a.j.t.JMeterThread: Thread started: Thread Group 1-121
2019-02-12 17:26:33,798 INFO o.a.j.t.JMeterThread: Thread started: Thread Group 1-122
2019-02-12 17:26:33,807 INFO o.a.j.t.JMeterThread: Thread started: Thread Group 1-123
2019-02-12 17:26:33,817 INFO o.a.j.t.JMeterThread: Thread started: Thread Group 1-124
2019-02-12 17:26:33,824 INFO o.a.j.t.JMeterThread: Thread started: Thread Group 1-125
2019-02-12 17:26:33,836 INFO o.a.j.t.JMeterThread: Thread started: Thread Group 1-126
2019-02-12 17:26:33,848 INFO o.a.j.t.JMeterThread: Thread started: Thread Group 1-127
2019-02-12 17:26:33,858 INFO o.a.j.t.JMeterThread: Thread started: Thread Group 1-128
2019-02-12 17:26:33,868 INFO o.a.j.t.JMeterThread: Thread started: Thread Group 1-129
2019-02-12 17:26:33,876 INFO o.a.j.t.JMeterThread: Thread started: Thread Group 1-130
2019-02-12 17:26:33,888 INFO o.a.j.t.JMeterThread: Thread started: Thread Group 1-131
2019-02-12 17:26:33,897 INFO o.a.j.t.JMeterThread: Thread started: Thread Group 1-132
2019-02-12 17:26:33,908 INFO o.a.j.t.JMeterThread: Thread started: Thread Group 1-133
2019-02-12 17:26:33,919 INFO o.a.j.t.JMeterThread: Thread started: Thread Group 1-134
2019-02-12 17:26:33,928 INFO o.a.j.t.JMeterThread: Thread started: Thread Group 1-135
2019-02-12 17:26:33,937 INFO o.a.j.t.JMeterThread: Thread started: Thread Group 1-136
2019-02-12 17:26:33,947 INFO o.a.j.t.JMeterThread: Thread started: Thread Group 1-137
2019-02-12 17:26:33,958 INFO o.a.j.t.JMeterThread: Thread started: Thread Group 1-138
2019-02-12 17:26:33,968 INFO o.a.j.t.JMeterThread: Thread started: Thread Group 1-139
2019-02-12 17:26:33,978 INFO o.a.j.t.JMeterThread: Thread started: Thread Group 1-140
2019-02-12 17:26:33,991 INFO o.a.j.t.JMeterThread: Thread started: Thread Group 1-141
2019-02-12 17:26:33,999 INFO o.a.j.t.JMeterThread: Thread started: Thread Group 1-142
2019-02-12 17:26:34,010 INFO o.a.j.t.JMeterThread: Thread started: Thread Group 1-143
2019-02-12 17:26:34,018 INFO o.a.j.t.JMeterThread: Thread started: Thread Group 1-144
2019-02-12 17:26:34,031 INFO o.a.j.t.JMeterThread: Thread started: Thread Group 1-145
2019-02-12 17:26:34,038 INFO o.a.j.t.JMeterThread: Thread started: Thread Group 1-146
2019-02-12 17:26:34,050 INFO o.a.j.t.JMeterThread: Thread started: Thread Group 1-147
2019-02-12 17:26:34,061 INFO o.a.j.t.JMeterThread: Thread started: Thread Group 1-148
2019-02-12 17:26:34,071 INFO o.a.j.t.JMeterThread: Thread started: Thread Group 1-149
2019-02-12 17:26:34,078 INFO o.a.j.t.JMeterThread: Thread started: Thread Group 1-150
2019-02-12 17:26:34,092 INFO o.a.j.t.JMeterThread: Thread started: Thread Group 1-151
2019-02-12 17:26:34,101 INFO o.a.j.t.JMeterThread: Thread started: Thread Group 1-152
2019-02-12 17:26:34,110 INFO o.a.j.t.JMeterThread: Thread started: Thread Group 1-153
2019-02-12 17:26:34,118 INFO o.a.j.t.JMeterThread: Thread started: Thread Group 1-154
2019-02-12 17:26:34,129 INFO o.a.j.t.JMeterThread: Thread started: Thread Group 1-155
2019-02-12 17:26:34,142 INFO o.a.j.t.JMeterThread: Thread started: Thread Group 1-156
2019-02-12 17:26:34,152 INFO o.a.j.t.JMeterThread: Thread started: Thread Group 1-157
2019-02-12 17:26:34,164 INFO o.a.j.t.JMeterThread: Thread started: Thread Group 1-158
2019-02-12 17:26:34,171 INFO o.a.j.t.JMeterThread: Thread started: Thread Group 1-159
2019-02-12 17:26:34,182 INFO o.a.j.t.JMeterThread: Thread started: Thread Group 1-160
2019-02-12 17:26:34,191 INFO o.a.j.t.JMeterThread: Thread started: Thread Group 1-161
2019-02-12 17:26:34,204 INFO o.a.j.t.JMeterThread: Thread started: Thread Group 1-162
2019-02-12 17:26:34,210 INFO o.a.j.t.JMeterThread: Thread started: Thread Group 1-163
2019-02-12 17:26:34,223 INFO o.a.j.t.JMeterThread: Thread started: Thread Group 1-164
2019-02-12 17:26:34,234 INFO o.a.j.t.JMeterThread: Thread started: Thread Group 1-165
2019-02-12 17:26:34,244 INFO o.a.j.t.JMeterThread: Thread started: Thread Group 1-166
2019-02-12 17:26:34,250 INFO o.a.j.t.JMeterThread: Thread started: Thread Group 1-167
2019-02-12 17:26:34,262 INFO o.a.j.t.JMeterThread: Thread started: Thread Group 1-168
2019-02-12 17:26:34,271 INFO o.a.j.t.JMeterThread: Thread started: Thread Group 1-169
2019-02-12 17:26:34,284 INFO o.a.j.t.JMeterThread: Thread started: Thread Group 1-170
2019-02-12 17:26:34,293 INFO o.a.j.t.JMeterThread: Thread started: Thread Group 1-171
2019-02-12 17:26:34,304 INFO o.a.j.t.JMeterThread: Thread started: Thread Group 1-172
2019-02-12 17:26:34,316 INFO o.a.j.t.JMeterThread: Thread started: Thread Group 1-173
2019-02-12 17:26:34,324 INFO o.a.j.t.JMeterThread: Thread started: Thread Group 1-174
2019-02-12 17:26:34,335 INFO o.a.j.t.JMeterThread: Thread started: Thread Group 1-175
2019-02-12 17:26:34,344 INFO o.a.j.t.JMeterThread: Thread started: Thread Group 1-176
2019-02-12 17:26:34,355 INFO o.a.j.t.JMeterThread: Thread started: Thread Group 1-177
2019-02-12 17:26:34,366 INFO o.a.j.t.JMeterThread: Thread started: Thread Group 1-178
2019-02-12 17:26:34,375 INFO o.a.j.t.JMeterThread: Thread started: Thread Group 1-179
2019-02-12 17:26:34,383 INFO o.a.j.t.JMeterThread: Thread started: Thread Group 1-180
2019-02-12 17:26:34,395 INFO o.a.j.t.JMeterThread: Thread started: Thread Group 1-181
2019-02-12 17:26:34,404 INFO o.a.j.t.JMeterThread: Thread started: Thread Group 1-182
2019-02-12 17:26:34,417 INFO o.a.j.t.JMeterThread: Thread started: Thread Group 1-183
2019-02-12 17:26:34,425 INFO o.a.j.t.JMeterThread: Thread started: Thread Group 1-184
2019-02-12 17:26:34,436 INFO o.a.j.t.JMeterThread: Thread started: Thread Group 1-185
2019-02-12 17:26:34,444 INFO o.a.j.t.JMeterThread: Thread started: Thread Group 1-186
2019-02-12 17:26:34,455 INFO o.a.j.t.JMeterThread: Thread started: Thread Group 1-187
2019-02-12 17:26:34,466 INFO o.a.j.t.JMeterThread: Thread started: Thread Group 1-188
2019-02-12 17:26:34,477 INFO o.a.j.t.JMeterThread: Thread started: Thread Group 1-189
2019-02-12 17:26:34,484 INFO o.a.j.t.JMeterThread: Thread started: Thread Group 1-190
2019-02-12 17:26:34,498 INFO o.a.j.t.JMeterThread: Thread started: Thread Group 1-191
2019-02-12 17:26:34,508 INFO o.a.j.t.JMeterThread: Thread started: Thread Group 1-192
2019-02-12 17:26:34,518 INFO o.a.j.t.JMeterThread: Thread started: Thread Group 1-193
2019-02-12 17:26:34,525 INFO o.a.j.t.JMeterThread: Thread started: Thread Group 1-194
2019-02-12 17:26:34,538 INFO o.a.j.t.JMeterThread: Thread started: Thread Group 1-195
2019-02-12 17:26:34,548 INFO o.a.j.t.JMeterThread: Thread started: Thread Group 1-196
2019-02-12 17:26:34,558 INFO o.a.j.t.JMeterThread: Thread started: Thread Group 1-197
2019-02-12 17:26:34,566 INFO o.a.j.t.JMeterThread: Thread started: Thread Group 1-198
2019-02-12 17:26:34,580 INFO o.a.j.t.JMeterThread: Thread started: Thread Group 1-199
2019-02-12 17:26:34,586 INFO o.a.j.t.JMeterThread: Thread started: Thread Group 1-200
2019-02-12 17:26:45,694 INFO o.a.j.u.JsseSSLManager: Using default SSL protocol: TLS
2019-02-12 17:26:45,694 INFO o.a.j.u.JsseSSLManager: SSL session context: per-thread
2019-02-12 17:27:40,423 INFO o.a.j.g.a.Start: Stopping test
2019-02-12 17:27:40,443 INFO o.a.j.t.JMeterThread: Stopping: Thread Group 1-3
2019-02-12 17:27:40,443 WARN o.a.j.t.JMeterThread: Interrupting: Thread Group 1-3 sampler: HTTP Request
2019-02-12 17:27:40,444 INFO o.a.j.t.JMeterThread: Stopping: Thread Group 1-116
2019-02-12 17:27:40,444 WARN o.a.j.t.JMeterThread: Interrupting: Thread Group 1-116 sampler: HTTP Request
2019-02-12 17:27:40,445 INFO o.a.j.t.JMeterThread: Stopping: Thread Group 1-34
2019-02-12 17:27:40,445 WARN o.a.j.t.JMeterThread: Interrupting: Thread Group 1-34 sampler: HTTP Request
2019-02-12 17:27:40,446 INFO o.a.j.t.JMeterThread: Stopping: Thread Group 1-124
2019-02-12 17:27:40,446 WARN o.a.j.t.JMeterThread: Interrupting: Thread Group 1-124 sampler: HTTP Request
2019-02-12 17:27:40,447 INFO o.a.j.t.JMeterThread: Stopping: Thread Group 1-63
2019-02-12 17:27:40,448 WARN o.a.j.t.JMeterThread: Interrupting: Thread Group 1-63 sampler: HTTP Request
2019-02-12 17:27:40,449 INFO o.a.j.t.JMeterThread: Thread finished: Thread Group 1-34
2019-02-12 17:27:40,449 INFO o.a.j.t.JMeterThread: Thread finished: Thread Group 1-3
2019-02-12 17:27:40,449 INFO o.a.j.t.JMeterThread: Thread finished: Thread Group 1-116
2019-02-12 17:27:40,449 INFO o.a.j.t.JMeterThread: Stopping: Thread Group 1-77
2019-02-12 17:27:40,450 WARN o.a.j.t.JMeterThread: Interrupting: Thread Group 1-77 sampler: HTTP Request
2019-02-12 17:27:40,450 INFO o.a.j.t.JMeterThread: Thread finished: Thread Group 1-124
2019-02-12 17:27:40,451 INFO o.a.j.t.JMeterThread: Stopping: Thread Group 1-184
2019-02-12 17:27:40,451 WARN o.a.j.t.JMeterThread: Interrupting: Thread Group 1-184 sampler: HTTP Request
2019-02-12 17:27:40,452 INFO o.a.j.t.JMeterThread: Stopping: Thread Group 1-123
2019-02-12 17:27:40,453 WARN o.a.j.t.JMeterThread: Interrupting: Thread Group 1-123 sampler: HTTP Request
2019-02-12 17:27:40,453 INFO o.a.j.t.JMeterThread: Thread finished: Thread Group 1-77
2019-02-12 17:27:40,453 INFO o.a.j.t.JMeterThread: Thread finished: Thread Group 1-63
2019-02-12 17:27:40,454 INFO o.a.j.t.JMeterThread: Stopping: Thread Group 1-66
2019-02-12 17:27:40,454 WARN o.a.j.t.JMeterThread: Interrupting: Thread Group 1-66 sampler: HTTP Request
2019-02-12 17:27:40,455 INFO o.a.j.t.JMeterThread: Stopping: Thread Group 1-105
2019-02-12 17:27:40,456 WARN o.a.j.t.JMeterThread: Interrupting: Thread Group 1-105 sampler: HTTP Request
2019-02-12 17:27:40,456 INFO o.a.j.t.JMeterThread: Thread finished: Thread Group 1-184
2019-02-12 17:27:40,456 INFO o.a.j.t.JMeterThread: Thread finished: Thread Group 1-123
2019-02-12 17:27:40,457 INFO o.a.j.t.JMeterThread: Stopping: Thread Group 1-133
2019-02-12 17:27:40,458 WARN o.a.j.t.JMeterThread: Interrupting: Thread Group 1-133 sampler: HTTP Request
2019-02-12 17:27:40,458 INFO o.a.j.t.JMeterThread: Thread finished: Thread Group 1-66
2019-02-12 17:27:40,459 INFO o.a.j.t.JMeterThread: Stopping: Thread Group 1-44
2019-02-12 17:27:40,459 WARN o.a.j.t.JMeterThread: Interrupting: Thread Group 1-44 sampler: HTTP Request
2019-02-12 17:27:40,460 INFO o.a.j.t.JMeterThread: Stopping: Thread Group 1-6
2019-02-12 17:27:40,460 INFO o.a.j.t.JMeterThread: Thread finished: Thread Group 1-105
2019-02-12 17:27:40,460 WARN o.a.j.t.JMeterThread: Interrupting: Thread Group 1-6 sampler: HTTP Request
2019-02-12 17:27:40,461 INFO o.a.j.t.JMeterThread: Thread finished: Thread Group 1-133
2019-02-12 17:27:40,463 INFO o.a.j.t.JMeterThread: Stopping: Thread Group 1-14
2019-02-12 17:27:40,463 WARN o.a.j.t.JMeterThread: Interrupting: Thread Group 1-14 sampler: HTTP Request
2019-02-12 17:27:40,463 INFO o.a.j.t.JMeterThread: Thread finished: Thread Group 1-44
2019-02-12 17:27:40,464 INFO o.a.j.t.JMeterThread: Stopping: Thread Group 1-61
2019-02-12 17:27:40,465 INFO o.a.j.t.JMeterThread: Thread finished: Thread Group 1-6
2019-02-12 17:27:40,465 WARN o.a.j.t.JMeterThread: Interrupting: Thread Group 1-61 sampler: HTTP Request
2019-02-12 17:27:40,467 INFO o.a.j.t.JMeterThread: Stopping: Thread Group 1-97
2019-02-12 17:27:40,467 WARN o.a.j.t.JMeterThread: Interrupting: Thread Group 1-97 sampler: HTTP Request
2019-02-12 17:27:40,468 INFO o.a.j.t.JMeterThread: Stopping: Thread Group 1-153
2019-02-12 17:27:40,468 INFO o.a.j.t.JMeterThread: Thread finished: Thread Group 1-14
2019-02-12 17:27:40,468 WARN o.a.j.t.JMeterThread: Interrupting: Thread Group 1-153 sampler: HTTP Request
2019-02-12 17:27:40,470 INFO o.a.j.t.JMeterThread: Thread finished: Thread Group 1-61
2019-02-12 17:27:40,470 INFO o.a.j.t.JMeterThread: Stopping: Thread Group 1-85
2019-02-12 17:27:40,470 WARN o.a.j.t.JMeterThread: Interrupting: Thread Group 1-85 sampler: HTTP Request
2019-02-12 17:27:40,470 INFO o.a.j.t.JMeterThread: Thread finished: Thread Group 1-97
2019-02-12 17:27:40,471 INFO o.a.j.t.JMeterThread: Stopping: Thread Group 1-192
2019-02-12 17:27:40,471 WARN o.a.j.t.JMeterThread: Interrupting: Thread Group 1-192 sampler: HTTP Request
2019-02-12 17:27:40,471 INFO o.a.j.t.JMeterThread: Thread finished: Thread Group 1-153
2019-02-12 17:27:40,472 INFO o.a.j.t.JMeterThread: Stopping: Thread Group 1-173
2019-02-12 17:27:40,472 WARN o.a.j.t.JMeterThread: Interrupting: Thread Group 1-173 sampler: HTTP Request
2019-02-12 17:27:40,474 INFO o.a.j.t.JMeterThread: Thread finished: Thread Group 1-85
2019-02-12 17:27:40,476 INFO o.a.j.t.JMeterThread: Stopping: Thread Group 1-113
2019-02-12 17:27:40,476 WARN o.a.j.t.JMeterThread: Interrupting: Thread Group 1-113 sampler: HTTP Request
2019-02-12 17:27:40,478 INFO o.a.j.t.JMeterThread: Thread finished: Thread Group 1-192
2019-02-12 17:27:40,478 INFO o.a.j.t.JMeterThread: Stopping: Thread Group 1-168
2019-02-12 17:27:40,478 WARN o.a.j.t.JMeterThread: Interrupting: Thread Group 1-168 sampler: HTTP Request
2019-02-12 17:27:40,478 INFO o.a.j.t.JMeterThread: Thread finished: Thread Group 1-173
2019-02-12 17:27:40,478 INFO o.a.j.t.JMeterThread: Stopping: Thread Group 1-89
2019-02-12 17:27:40,478 WARN o.a.j.t.JMeterThread: Interrupting: Thread Group 1-89 sampler: HTTP Request
2019-02-12 17:27:40,479 INFO o.a.j.t.JMeterThread: Stopping: Thread Group 1-5
2019-02-12 17:27:40,479 INFO o.a.j.t.JMeterThread: Thread finished: Thread Group 1-113
2019-02-12 17:27:40,479 WARN o.a.j.t.JMeterThread: Interrupting: Thread Group 1-5 sampler: HTTP Request
2019-02-12 17:27:40,479 INFO o.a.j.t.JMeterThread: Stopping: Thread Group 1-72
2019-02-12 17:27:40,479 WARN o.a.j.t.JMeterThread: Interrupting: Thread Group 1-72 sampler: HTTP Request
2019-02-12 17:27:40,479 INFO o.a.j.t.JMeterThread: Stopping: Thread Group 1-102
2019-02-12 17:27:40,479 INFO o.a.j.t.JMeterThread: Thread finished: Thread Group 1-168
2019-02-12 17:27:40,479 WARN o.a.j.t.JMeterThread: Interrupting: Thread Group 1-102 sampler: HTTP Request
2019-02-12 17:27:40,479 INFO o.a.j.t.JMeterThread: Thread finished: Thread Group 1-89
2019-02-12 17:27:40,480 INFO o.a.j.t.JMeterThread: Thread finished: Thread Group 1-5
2019-02-12 17:27:40,480 INFO o.a.j.t.JMeterThread: Stopping: Thread Group 1-49
2019-02-12 17:27:40,480 WARN o.a.j.t.JMeterThread: Interrupting: Thread Group 1-49 sampler: HTTP Request
2019-02-12 17:27:40,480 INFO o.a.j.t.JMeterThread: Thread finished: Thread Group 1-72
2019-02-12 17:27:40,480 INFO o.a.j.t.JMeterThread: Stopping: Thread Group 1-131
2019-02-12 17:27:40,481 INFO o.a.j.t.JMeterThread: Thread finished: Thread Group 1-102
2019-02-12 17:27:40,481 WARN o.a.j.t.JMeterThread: Interrupting: Thread Group 1-131 sampler: HTTP Request
2019-02-12 17:27:40,481 INFO o.a.j.t.JMeterThread: Stopping: Thread Group 1-154
2019-02-12 17:27:40,481 WARN o.a.j.t.JMeterThread: Interrupting: Thread Group 1-154 sampler: HTTP Request
2019-02-12 17:27:40,481 INFO o.a.j.t.JMeterThread: Stopping: Thread Group 1-35
2019-02-12 17:27:40,481 INFO o.a.j.t.JMeterThread: Thread finished: Thread Group 1-49
2019-02-12 17:27:40,481 WARN o.a.j.t.JMeterThread: Interrupting: Thread Group 1-35 sampler: HTTP Request
2019-02-12 17:27:40,481 INFO o.a.j.t.JMeterThread: Thread finished: Thread Group 1-131
2019-02-12 17:27:40,482 INFO o.a.j.t.JMeterThread: Stopping: Thread Group 1-64
2019-02-12 17:27:40,482 WARN o.a.j.t.JMeterThread: Interrupting: Thread Group 1-64 sampler: HTTP Request
2019-02-12 17:27:40,482 INFO o.a.j.t.JMeterThread: Thread finished: Thread Group 1-154
2019-02-12 17:27:40,482 INFO o.a.j.t.JMeterThread: Thread finished: Thread Group 1-35
2019-02-12 17:27:40,482 INFO o.a.j.t.JMeterThread: Stopping: Thread Group 1-21
2019-02-12 17:27:40,483 WARN o.a.j.t.JMeterThread: Interrupting: Thread Group 1-21 sampler: HTTP Request
2019-02-12 17:27:40,483 INFO o.a.j.t.JMeterThread: Stopping: Thread Group 1-174
2019-02-12 17:27:40,483 INFO o.a.j.t.JMeterThread: Thread finished: Thread Group 1-64
2019-02-12 17:27:40,483 WARN o.a.j.t.JMeterThread: Interrupting: Thread Group 1-174 sampler: HTTP Request
2019-02-12 17:27:40,484 INFO o.a.j.t.JMeterThread: Stopping: Thread Group 1-136
2019-02-12 17:27:40,484 WARN o.a.j.t.JMeterThread: Interrupting: Thread Group 1-136 sampler: HTTP Request
2019-02-12 17:27:40,484 INFO o.a.j.t.JMeterThread: Thread finished: Thread Group 1-21
2019-02-12 17:27:40,485 INFO o.a.j.t.JMeterThread: Stopping: Thread Group 1-181
2019-02-12 17:27:40,485 WARN o.a.j.t.JMeterThread: Interrupting: Thread Group 1-181 sampler: HTTP Request
2019-02-12 17:27:40,485 INFO o.a.j.t.JMeterThread: Thread finished: Thread Group 1-174
2019-02-12 17:27:40,485 INFO o.a.j.t.JMeterThread: Thread finished: Thread Group 1-136
2019-02-12 17:27:40,485 INFO o.a.j.t.JMeterThread: Stopping: Thread Group 1-132
2019-02-12 17:27:40,485 WARN o.a.j.t.JMeterThread: Interrupting: Thread Group 1-132 sampler: HTTP Request
2019-02-12 17:27:40,489 INFO o.a.j.t.JMeterThread: Thread finished: Thread Group 1-181
2019-02-12 17:27:40,489 INFO o.a.j.t.JMeterThread: Stopping: Thread Group 1-149
2019-02-12 17:27:40,489 WARN o.a.j.t.JMeterThread: Interrupting: Thread Group 1-149 sampler: HTTP Request
2019-02-12 17:27:40,489 INFO o.a.j.t.JMeterThread: Stopping: Thread Group 1-99
2019-02-12 17:27:40,489 WARN o.a.j.t.JMeterThread: Interrupting: Thread Group 1-99 sampler: HTTP Request
2019-02-12 17:27:40,489 INFO o.a.j.t.JMeterThread: Thread finished: Thread Group 1-132
2019-02-12 17:27:40,489 INFO o.a.j.t.JMeterThread: Stopping: Thread Group 1-108
2019-02-12 17:27:40,489 WARN o.a.j.t.JMeterThread: Interrupting: Thread Group 1-108 sampler: HTTP Request
2019-02-12 17:27:40,490 INFO o.a.j.t.JMeterThread: Stopping: Thread Group 1-7
2019-02-12 17:27:40,490 INFO o.a.j.t.JMeterThread: Thread finished: Thread Group 1-149
2019-02-12 17:27:40,490 WARN o.a.j.t.JMeterThread: Interrupting: Thread Group 1-7 sampler: HTTP Request
2019-02-12 17:27:40,490 INFO o.a.j.t.JMeterThread: Thread finished: Thread Group 1-99
2019-02-12 17:27:40,490 INFO o.a.j.t.JMeterThread: Stopping: Thread Group 1-19
2019-02-12 17:27:40,492 WARN o.a.j.t.JMeterThread: Interrupting: Thread Group 1-19 sampler: HTTP Request
2019-02-12 17:27:40,492 INFO o.a.j.t.JMeterThread: Thread finished: Thread Group 1-108
2019-02-12 17:27:40,494 INFO o.a.j.t.JMeterThread: Stopping: Thread Group 1-140
2019-02-12 17:27:40,494 WARN o.a.j.t.JMeterThread: Interrupting: Thread Group 1-140 sampler: HTTP Request
2019-02-12 17:27:40,494 INFO o.a.j.t.JMeterThread: Thread finished: Thread Group 1-7
2019-02-12 17:27:40,495 INFO o.a.j.t.JMeterThread: Stopping: Thread Group 1-75
2019-02-12 17:27:40,495 WARN o.a.j.t.JMeterThread: Interrupting: Thread Group 1-75 sampler: HTTP Request
2019-02-12 17:27:40,495 INFO o.a.j.t.JMeterThread: Stopping: Thread Group 1-52
2019-02-12 17:27:40,495 WARN o.a.j.t.JMeterThread: Interrupting: Thread Group 1-52 sampler: HTTP Request
2019-02-12 17:27:40,495 INFO o.a.j.t.JMeterThread: Thread finished: Thread Group 1-140
2019-02-12 17:27:40,495 INFO o.a.j.t.JMeterThread: Stopping: Thread Group 1-46
2019-02-12 17:27:40,495 INFO o.a.j.t.JMeterThread: Thread finished: Thread Group 1-19
2019-02-12 17:27:40,496 WARN o.a.j.t.JMeterThread: Interrupting: Thread Group 1-46 sampler: HTTP Request
2019-02-12 17:27:40,496 INFO o.a.j.t.JMeterThread: Thread finished: Thread Group 1-75
2019-02-12 17:27:40,496 INFO o.a.j.t.JMeterThread: Thread finished: Thread Group 1-52
2019-02-12 17:27:40,496 INFO o.a.j.t.JMeterThread: Stopping: Thread Group 1-128
2019-02-12 17:27:40,496 WARN o.a.j.t.JMeterThread: Interrupting: Thread Group 1-128 sampler: HTTP Request
2019-02-12 17:27:40,496 INFO o.a.j.t.JMeterThread: Stopping: Thread Group 1-25
2019-02-12 17:27:40,496 WARN o.a.j.t.JMeterThread: Interrupting: Thread Group 1-25 sampler: HTTP Request
2019-02-12 17:27:40,496 INFO o.a.j.t.JMeterThread: Thread finished: Thread Group 1-46
2019-02-12 17:27:40,497 INFO o.a.j.t.JMeterThread: Stopping: Thread Group 1-58
2019-02-12 17:27:40,497 INFO o.a.j.t.JMeterThread: Thread finished: Thread Group 1-128
2019-02-12 17:27:40,497 WARN o.a.j.t.JMeterThread: Interrupting: Thread Group 1-58 sampler: HTTP Request
2019-02-12 17:27:40,497 INFO o.a.j.t.JMeterThread: Stopping: Thread Group 1-93
2019-02-12 17:27:40,497 WARN o.a.j.t.JMeterThread: Interrupting: Thread Group 1-93 sampler: HTTP Request
2019-02-12 17:27:40,498 INFO o.a.j.t.JMeterThread: Thread finished: Thread Group 1-25
2019-02-12 17:27:40,498 INFO o.a.j.t.JMeterThread: Stopping: Thread Group 1-88
2019-02-12 17:27:40,498 INFO o.a.j.t.JMeterThread: Thread finished: Thread Group 1-58
2019-02-12 17:27:40,498 WARN o.a.j.t.JMeterThread: Interrupting: Thread Group 1-88 sampler: HTTP Request
2019-02-12 17:27:40,498 INFO o.a.j.t.JMeterThread: Stopping: Thread Group 1-84
2019-02-12 17:27:40,498 WARN o.a.j.t.JMeterThread: Interrupting: Thread Group 1-84 sampler: HTTP Request
2019-02-12 17:27:40,498 INFO o.a.j.t.JMeterThread: Thread finished: Thread Group 1-93
2019-02-12 17:27:40,498 INFO o.a.j.t.JMeterThread: Stopping: Thread Group 1-71
2019-02-12 17:27:40,498 INFO o.a.j.t.JMeterThread: Thread finished: Thread Group 1-88
2019-02-12 17:27:40,498 WARN o.a.j.t.JMeterThread: Interrupting: Thread Group 1-71 sampler: HTTP Request
2019-02-12 17:27:40,498 INFO o.a.j.t.JMeterThread: Stopping: Thread Group 1-13
2019-02-12 17:27:40,498 INFO o.a.j.t.JMeterThread: Thread finished: Thread Group 1-84
2019-02-12 17:27:40,498 WARN o.a.j.t.JMeterThread: Interrupting: Thread Group 1-13 sampler: HTTP Request
2019-02-12 17:27:40,499 INFO o.a.j.t.JMeterThread: Stopping: Thread Group 1-2
2019-02-12 17:27:40,499 INFO o.a.j.t.JMeterThread: Thread finished: Thread Group 1-71
2019-02-12 17:27:40,499 WARN o.a.j.t.JMeterThread: Interrupting: Thread Group 1-2 sampler: HTTP Request
2019-02-12 17:27:40,499 INFO o.a.j.t.JMeterThread: Stopping: Thread Group 1-92
2019-02-12 17:27:40,499 INFO o.a.j.t.JMeterThread: Thread finished: Thread Group 1-13
2019-02-12 17:27:40,499 WARN o.a.j.t.JMeterThread: Interrupting: Thread Group 1-92 sampler: HTTP Request
2019-02-12 17:27:40,499 INFO o.a.j.t.JMeterThread: Stopping: Thread Group 1-134
2019-02-12 17:27:40,499 WARN o.a.j.t.JMeterThread: Interrupting: Thread Group 1-134 sampler: HTTP Request
2019-02-12 17:27:40,499 INFO o.a.j.t.JMeterThread: Thread finished: Thread Group 1-2
2019-02-12 17:27:40,499 INFO o.a.j.t.JMeterThread: Stopping: Thread Group 1-112
2019-02-12 17:27:40,499 WARN o.a.j.t.JMeterThread: Interrupting: Thread Group 1-112 sampler: HTTP Request
2019-02-12 17:27:40,499 INFO o.a.j.t.JMeterThread: Thread finished: Thread Group 1-92
2019-02-12 17:27:40,500 INFO o.a.j.t.JMeterThread: Stopping: Thread Group 1-200
2019-02-12 17:27:40,500 INFO o.a.j.t.JMeterThread: Thread finished: Thread Group 1-134
2019-02-12 17:27:40,500 WARN o.a.j.t.JMeterThread: Interrupting: Thread Group 1-200 sampler: HTTP Request
2019-02-12 17:27:40,500 INFO o.a.j.t.JMeterThread: Stopping: Thread Group 1-127
2019-02-12 17:27:40,500 INFO o.a.j.t.JMeterThread: Thread finished: Thread Group 1-112
2019-02-12 17:27:40,500 WARN o.a.j.t.JMeterThread: Interrupting: Thread Group 1-127 sampler: HTTP Request
2019-02-12 17:27:40,500 INFO o.a.j.t.JMeterThread: Thread finished: Thread Group 1-200
2019-02-12 17:27:40,500 INFO o.a.j.t.JMeterThread: Stopping: Thread Group 1-87
2019-02-12 17:27:40,500 WARN o.a.j.t.JMeterThread: Interrupting: Thread Group 1-87 sampler: HTTP Request
2019-02-12 17:27:40,501 INFO o.a.j.t.JMeterThread: Thread finished: Thread Group 1-127
2019-02-12 17:27:40,501 INFO o.a.j.t.JMeterThread: Stopping: Thread Group 1-159
2019-02-12 17:27:40,501 WARN o.a.j.t.JMeterThread: Interrupting: Thread Group 1-159 sampler: HTTP Request
2019-02-12 17:27:40,501 INFO o.a.j.t.JMeterThread: Stopping: Thread Group 1-125
2019-02-12 17:27:40,501 WARN o.a.j.t.JMeterThread: Interrupting: Thread Group 1-125 sampler: HTTP Request
2019-02-12 17:27:40,501 INFO o.a.j.t.JMeterThread: Thread finished: Thread Group 1-87
2019-02-12 17:27:40,501 INFO o.a.j.t.JMeterThread: Stopping: Thread Group 1-16
2019-02-12 17:27:40,501 INFO o.a.j.t.JMeterThread: Thread finished: Thread Group 1-159
2019-02-12 17:27:40,501 WARN o.a.j.t.JMeterThread: Interrupting: Thread Group 1-16 sampler: HTTP Request
2019-02-12 17:27:40,501 INFO o.a.j.t.JMeterThread: Thread finished: Thread Group 1-125
2019-02-12 17:27:40,501 INFO o.a.j.t.JMeterThread: Stopping: Thread Group 1-194
2019-02-12 17:27:40,501 WARN o.a.j.t.JMeterThread: Interrupting: Thread Group 1-194 sampler: HTTP Request
2019-02-12 17:27:40,502 INFO o.a.j.t.JMeterThread: Stopping: Thread Group 1-50
2019-02-12 17:27:40,502 INFO o.a.j.t.JMeterThread: Thread finished: Thread Group 1-16
2019-02-12 17:27:40,502 WARN o.a.j.t.JMeterThread: Interrupting: Thread Group 1-50 sampler: HTTP Request
2019-02-12 17:27:40,502 INFO o.a.j.t.JMeterThread: Stopping: Thread Group 1-65
2019-02-12 17:27:40,502 INFO o.a.j.t.JMeterThread: Thread finished: Thread Group 1-194
2019-02-12 17:27:40,502 WARN o.a.j.t.JMeterThread: Interrupting: Thread Group 1-65 sampler: HTTP Request
2019-02-12 17:27:40,503 INFO o.a.j.t.JMeterThread: Stopping: Thread Group 1-26
2019-02-12 17:27:40,503 INFO o.a.j.t.JMeterThread: Thread finished: Thread Group 1-50
2019-02-12 17:27:40,503 WARN o.a.j.t.JMeterThread: Interrupting: Thread Group 1-26 sampler: HTTP Request
2019-02-12 17:27:40,527 INFO o.a.j.t.JMeterThread: Stopping: Thread Group 1-23
2019-02-12 17:27:40,527 INFO o.a.j.t.JMeterThread: Thread finished: Thread Group 1-65
2019-02-12 17:27:40,527 WARN o.a.j.t.JMeterThread: Interrupting: Thread Group 1-23 sampler: HTTP Request
2019-02-12 17:27:40,527 INFO o.a.j.t.JMeterThread: Thread finished: Thread Group 1-26
2019-02-12 17:27:40,528 INFO o.a.j.t.JMeterThread: Stopping: Thread Group 1-188
2019-02-12 17:27:40,528 WARN o.a.j.t.JMeterThread: Interrupting: Thread Group 1-188 sampler: HTTP Request
2019-02-12 17:27:40,528 INFO o.a.j.t.JMeterThread: Thread finished: Thread Group 1-23
2019-02-12 17:27:40,528 INFO o.a.j.t.JMeterThread: Stopping: Thread Group 1-86
2019-02-12 17:27:40,528 WARN o.a.j.t.JMeterThread: Interrupting: Thread Group 1-86 sampler: HTTP Request
2019-02-12 17:27:40,528 INFO o.a.j.t.JMeterThread: Stopping: Thread Group 1-180
2019-02-12 17:27:40,528 INFO o.a.j.t.JMeterThread: Thread finished: Thread Group 1-188
2019-02-12 17:27:40,528 WARN o.a.j.t.JMeterThread: Interrupting: Thread Group 1-180 sampler: HTTP Request
2019-02-12 17:27:40,528 INFO o.a.j.t.JMeterThread: Stopping: Thread Group 1-103
2019-02-12 17:27:40,528 INFO o.a.j.t.JMeterThread: Thread finished: Thread Group 1-86
2019-02-12 17:27:40,529 WARN o.a.j.t.JMeterThread: Interrupting: Thread Group 1-103 sampler: HTTP Request
2019-02-12 17:27:40,529 INFO o.a.j.t.JMeterThread: Stopping: Thread Group 1-186
2019-02-12 17:27:40,529 INFO o.a.j.t.JMeterThread: Thread finished: Thread Group 1-180
2019-02-12 17:27:40,529 WARN o.a.j.t.JMeterThread: Interrupting: Thread Group 1-186 sampler: HTTP Request
2019-02-12 17:27:40,529 INFO o.a.j.t.JMeterThread: Thread finished: Thread Group 1-103
2019-02-12 17:27:40,529 INFO o.a.j.t.JMeterThread: Stopping: Thread Group 1-137
2019-02-12 17:27:40,529 WARN o.a.j.t.JMeterThread: Interrupting: Thread Group 1-137 sampler: HTTP Request
2019-02-12 17:27:40,530 INFO o.a.j.t.JMeterThread: Stopping: Thread Group 1-38
2019-02-12 17:27:40,530 INFO o.a.j.t.JMeterThread: Thread finished: Thread Group 1-186
2019-02-12 17:27:40,530 WARN o.a.j.t.JMeterThread: Interrupting: Thread Group 1-38 sampler: HTTP Request
2019-02-12 17:27:40,530 INFO o.a.j.t.JMeterThread: Thread finished: Thread Group 1-137
2019-02-12 17:27:40,530 INFO o.a.j.t.JMeterThread: Stopping: Thread Group 1-11
2019-02-12 17:27:40,530 WARN o.a.j.t.JMeterThread: Interrupting: Thread Group 1-11 sampler: HTTP Request
2019-02-12 17:27:40,530 INFO o.a.j.t.JMeterThread: Thread finished: Thread Group 1-38
2019-02-12 17:27:40,530 INFO o.a.j.t.JMeterThread: Stopping: Thread Group 1-121
2019-02-12 17:27:40,531 WARN o.a.j.t.JMeterThread: Interrupting: Thread Group 1-121 sampler: HTTP Request
2019-02-12 17:27:40,531 INFO o.a.j.t.JMeterThread: Stopping: Thread Group 1-40
2019-02-12 17:27:40,531 WARN o.a.j.t.JMeterThread: Interrupting: Thread Group 1-40 sampler: HTTP Request
2019-02-12 17:27:40,531 INFO o.a.j.t.JMeterThread: Thread finished: Thread Group 1-11
2019-02-12 17:27:40,531 INFO o.a.j.t.JMeterThread: Thread finished: Thread Group 1-121
2019-02-12 17:27:40,531 INFO o.a.j.t.JMeterThread: Stopping: Thread Group 1-179
2019-02-12 17:27:40,531 WARN o.a.j.t.JMeterThread: Interrupting: Thread Group 1-179 sampler: HTTP Request
2019-02-12 17:27:40,531 INFO o.a.j.t.JMeterThread: Stopping: Thread Group 1-146
2019-02-12 17:27:40,531 INFO o.a.j.t.JMeterThread: Thread finished: Thread Group 1-40
2019-02-12 17:27:40,531 WARN o.a.j.t.JMeterThread: Interrupting: Thread Group 1-146 sampler: HTTP Request
2019-02-12 17:27:40,531 INFO o.a.j.t.JMeterThread: Stopping: Thread Group 1-39
2019-02-12 17:27:40,531 INFO o.a.j.t.JMeterThread: Thread finished: Thread Group 1-179
2019-02-12 17:27:40,531 WARN o.a.j.t.JMeterThread: Interrupting: Thread Group 1-39 sampler: HTTP Request
2019-02-12 17:27:40,532 INFO o.a.j.t.JMeterThread: Stopping: Thread Group 1-80
2019-02-12 17:27:40,532 INFO o.a.j.t.JMeterThread: Thread finished: Thread Group 1-146
2019-02-12 17:27:40,532 WARN o.a.j.t.JMeterThread: Interrupting: Thread Group 1-80 sampler: HTTP Request
2019-02-12 17:27:40,532 INFO o.a.j.t.JMeterThread: Stopping: Thread Group 1-118
2019-02-12 17:27:40,532 WARN o.a.j.t.JMeterThread: Interrupting: Thread Group 1-118 sampler: HTTP Request
2019-02-12 17:27:40,532 INFO o.a.j.t.JMeterThread: Thread finished: Thread Group 1-80
2019-02-12 17:27:40,532 INFO o.a.j.t.JMeterThread: Stopping: Thread Group 1-151
2019-02-12 17:27:40,532 INFO o.a.j.t.JMeterThread: Thread finished: Thread Group 1-39
2019-02-12 17:27:40,532 INFO o.a.j.t.JMeterThread: Thread finished: Thread Group 1-118
2019-02-12 17:27:40,533 WARN o.a.j.t.JMeterThread: Interrupting: Thread Group 1-151 sampler: HTTP Request
2019-02-12 17:27:40,533 INFO o.a.j.t.JMeterThread: Stopping: Thread Group 1-37
2019-02-12 17:27:40,533 WARN o.a.j.t.JMeterThread: Interrupting: Thread Group 1-37 sampler: HTTP Request
2019-02-12 17:27:40,533 INFO o.a.j.t.JMeterThread: Stopping: Thread Group 1-164
2019-02-12 17:27:40,533 INFO o.a.j.t.JMeterThread: Thread finished: Thread Group 1-151
2019-02-12 17:27:40,534 WARN o.a.j.t.JMeterThread: Interrupting: Thread Group 1-164 sampler: HTTP Request
2019-02-12 17:27:40,534 INFO o.a.j.t.JMeterThread: Thread finished: Thread Group 1-37
2019-02-12 17:27:40,534 INFO o.a.j.t.JMeterThread: Stopping: Thread Group 1-111
2019-02-12 17:27:40,534 WARN o.a.j.t.JMeterThread: Interrupting: Thread Group 1-111 sampler: HTTP Request
2019-02-12 17:27:40,534 INFO o.a.j.t.JMeterThread: Stopping: Thread Group 1-152
2019-02-12 17:27:40,534 WARN o.a.j.t.JMeterThread: Interrupting: Thread Group 1-152 sampler: HTTP Request
2019-02-12 17:27:40,534 INFO o.a.j.t.JMeterThread: Thread finished: Thread Group 1-164
2019-02-12 17:27:40,534 INFO o.a.j.t.JMeterThread: Stopping: Thread Group 1-43
2019-02-12 17:27:40,534 WARN o.a.j.t.JMeterThread: Interrupting: Thread Group 1-43 sampler: HTTP Request
2019-02-12 17:27:40,534 INFO o.a.j.t.JMeterThread: Thread finished: Thread Group 1-111
2019-02-12 17:27:40,535 INFO o.a.j.t.JMeterThread: Thread finished: Thread Group 1-152
2019-02-12 17:27:40,535 INFO o.a.j.t.JMeterThread: Stopping: Thread Group 1-68
2019-02-12 17:27:40,535 WARN o.a.j.t.JMeterThread: Interrupting: Thread Group 1-68 sampler: HTTP Request
2019-02-12 17:27:40,535 INFO o.a.j.t.JMeterThread: Stopping: Thread Group 1-76
2019-02-12 17:27:40,535 WARN o.a.j.t.JMeterThread: Interrupting: Thread Group 1-76 sampler: HTTP Request
2019-02-12 17:27:40,535 INFO o.a.j.t.JMeterThread: Thread finished: Thread Group 1-43
2019-02-12 17:27:40,535 INFO o.a.j.t.JMeterThread: Stopping: Thread Group 1-15
2019-02-12 17:27:40,535 INFO o.a.j.t.JMeterThread: Thread finished: Thread Group 1-68
2019-02-12 17:27:40,535 WARN o.a.j.t.JMeterThread: Interrupting: Thread Group 1-15 sampler: HTTP Request
2019-02-12 17:27:40,535 INFO o.a.j.t.JMeterThread: Stopping: Thread Group 1-150
2019-02-12 17:27:40,535 WARN o.a.j.t.JMeterThread: Interrupting: Thread Group 1-150 sampler: HTTP Request
2019-02-12 17:27:40,535 INFO o.a.j.t.JMeterThread: Thread finished: Thread Group 1-76
2019-02-12 17:27:40,536 INFO o.a.j.t.JMeterThread: Stopping: Thread Group 1-27
2019-02-12 17:27:40,536 INFO o.a.j.t.JMeterThread: Thread finished: Thread Group 1-15
2019-02-12 17:27:40,536 WARN o.a.j.t.JMeterThread: Interrupting: Thread Group 1-27 sampler: HTTP Request
2019-02-12 17:27:40,536 INFO o.a.j.t.JMeterThread: Stopping: Thread Group 1-167
2019-02-12 17:27:40,536 INFO o.a.j.t.JMeterThread: Thread finished: Thread Group 1-150
2019-02-12 17:27:40,536 WARN o.a.j.t.JMeterThread: Interrupting: Thread Group 1-167 sampler: HTTP Request
2019-02-12 17:27:40,536 INFO o.a.j.t.JMeterThread: Thread finished: Thread Group 1-27
2019-02-12 17:27:40,536 INFO o.a.j.t.JMeterThread: Stopping: Thread Group 1-178
2019-02-12 17:27:40,536 WARN o.a.j.t.JMeterThread: Interrupting: Thread Group 1-178 sampler: HTTP Request
2019-02-12 17:27:40,537 INFO o.a.j.t.JMeterThread: Thread finished: Thread Group 1-167
2019-02-12 17:27:40,537 INFO o.a.j.t.JMeterThread: Stopping: Thread Group 1-117
2019-02-12 17:27:40,537 WARN o.a.j.t.JMeterThread: Interrupting: Thread Group 1-117 sampler: HTTP Request
2019-02-12 17:27:40,537 INFO o.a.j.t.JMeterThread: Stopping: Thread Group 1-169
2019-02-12 17:27:40,537 INFO o.a.j.t.JMeterThread: Thread finished: Thread Group 1-178
2019-02-12 17:27:40,537 WARN o.a.j.t.JMeterThread: Interrupting: Thread Group 1-169 sampler: HTTP Request
2019-02-12 17:27:40,537 INFO o.a.j.t.JMeterThread: Stopping: Thread Group 1-82
2019-02-12 17:27:40,537 INFO o.a.j.t.JMeterThread: Thread finished: Thread Group 1-117
2019-02-12 17:27:40,537 WARN o.a.j.t.JMeterThread: Interrupting: Thread Group 1-82 sampler: HTTP Request
2019-02-12 17:27:40,538 INFO o.a.j.t.JMeterThread: Stopping: Thread Group 1-67
2019-02-12 17:27:40,538 INFO o.a.j.t.JMeterThread: Thread finished: Thread Group 1-169
2019-02-12 17:27:40,538 WARN o.a.j.t.JMeterThread: Interrupting: Thread Group 1-67 sampler: HTTP Request
2019-02-12 17:27:40,538 INFO o.a.j.t.JMeterThread: Stopping: Thread Group 1-166
2019-02-12 17:27:40,538 INFO o.a.j.t.JMeterThread: Thread finished: Thread Group 1-82
2019-02-12 17:27:40,538 WARN o.a.j.t.JMeterThread: Interrupting: Thread Group 1-166 sampler: HTTP Request
2019-02-12 17:27:40,538 INFO o.a.j.t.JMeterThread: Stopping: Thread Group 1-198
2019-02-12 17:27:40,538 WARN o.a.j.t.JMeterThread: Interrupting: Thread Group 1-198 sampler: HTTP Request
2019-02-12 17:27:40,538 INFO o.a.j.t.JMeterThread: Thread finished: Thread Group 1-67
2019-02-12 17:27:40,538 INFO o.a.j.t.JMeterThread: Stopping: Thread Group 1-47
2019-02-12 17:27:40,538 WARN o.a.j.t.JMeterThread: Interrupting: Thread Group 1-47 sampler: HTTP Request
2019-02-12 17:27:40,538 INFO o.a.j.t.JMeterThread: Thread finished: Thread Group 1-166
2019-02-12 17:27:40,538 INFO o.a.j.t.JMeterThread: Thread finished: Thread Group 1-198
2019-02-12 17:27:40,538 INFO o.a.j.t.JMeterThread: Stopping: Thread Group 1-191
2019-02-12 17:27:40,539 WARN o.a.j.t.JMeterThread: Interrupting: Thread Group 1-191 sampler: HTTP Request
2019-02-12 17:27:40,539 INFO o.a.j.t.JMeterThread: Stopping: Thread Group 1-42
2019-02-12 17:27:40,539 INFO o.a.j.t.JMeterThread: Thread finished: Thread Group 1-47
2019-02-12 17:27:40,539 WARN o.a.j.t.JMeterThread: Interrupting: Thread Group 1-42 sampler: HTTP Request
2019-02-12 17:27:40,539 INFO o.a.j.t.JMeterThread: Thread finished: Thread Group 1-191
2019-02-12 17:27:40,539 INFO o.a.j.t.JMeterThread: Stopping: Thread Group 1-74
2019-02-12 17:27:40,539 WARN o.a.j.t.JMeterThread: Interrupting: Thread Group 1-74 sampler: HTTP Request
2019-02-12 17:27:40,539 INFO o.a.j.t.JMeterThread: Stopping: Thread Group 1-24
2019-02-12 17:27:40,539 WARN o.a.j.t.JMeterThread: Interrupting: Thread Group 1-24 sampler: HTTP Request
2019-02-12 17:27:40,539 INFO o.a.j.t.JMeterThread: Thread finished: Thread Group 1-42
2019-02-12 17:27:40,539 INFO o.a.j.t.JMeterThread: Stopping: Thread Group 1-20
2019-02-12 17:27:40,539 INFO o.a.j.t.JMeterThread: Thread finished: Thread Group 1-74
2019-02-12 17:27:40,539 WARN o.a.j.t.JMeterThread: Interrupting: Thread Group 1-20 sampler: HTTP Request
2019-02-12 17:27:40,540 INFO o.a.j.t.JMeterThread: Stopping: Thread Group 1-199
2019-02-12 17:27:40,540 WARN o.a.j.t.JMeterThread: Interrupting: Thread Group 1-199 sampler: HTTP Request
2019-02-12 17:27:40,540 INFO o.a.j.t.JMeterThread: Thread finished: Thread Group 1-24
2019-02-12 17:27:40,540 INFO o.a.j.t.JMeterThread: Stopping: Thread Group 1-29
2019-02-12 17:27:40,540 INFO o.a.j.t.JMeterThread: Thread finished: Thread Group 1-20
2019-02-12 17:27:40,540 WARN o.a.j.t.JMeterThread: Interrupting: Thread Group 1-29 sampler: HTTP Request
2019-02-12 17:27:40,540 INFO o.a.j.t.JMeterThread: Stopping: Thread Group 1-135
2019-02-12 17:27:40,540 INFO o.a.j.t.JMeterThread: Thread finished: Thread Group 1-199
2019-02-12 17:27:40,540 WARN o.a.j.t.JMeterThread: Interrupting: Thread Group 1-135 sampler: HTTP Request
2019-02-12 17:27:40,540 INFO o.a.j.t.JMeterThread: Stopping: Thread Group 1-155
2019-02-12 17:27:40,540 INFO o.a.j.t.JMeterThread: Thread finished: Thread Group 1-29
2019-02-12 17:27:40,540 WARN o.a.j.t.JMeterThread: Interrupting: Thread Group 1-155 sampler: HTTP Request
2019-02-12 17:27:40,540 INFO o.a.j.t.JMeterThread: Thread finished: Thread Group 1-135
2019-02-12 17:27:40,540 INFO o.a.j.t.JMeterThread: Stopping: Thread Group 1-100
2019-02-12 17:27:40,541 WARN o.a.j.t.JMeterThread: Interrupting: Thread Group 1-100 sampler: HTTP Request
2019-02-12 17:27:40,541 INFO o.a.j.t.JMeterThread: Stopping: Thread Group 1-79
2019-02-12 17:27:40,541 INFO o.a.j.t.JMeterThread: Thread finished: Thread Group 1-155
2019-02-12 17:27:40,541 WARN o.a.j.t.JMeterThread: Interrupting: Thread Group 1-79 sampler: HTTP Request
2019-02-12 17:27:40,541 INFO o.a.j.t.JMeterThread: Stopping: Thread Group 1-114
2019-02-12 17:27:40,541 INFO o.a.j.t.JMeterThread: Thread finished: Thread Group 1-100
2019-02-12 17:27:40,541 WARN o.a.j.t.JMeterThread: Interrupting: Thread Group 1-114 sampler: HTTP Request
2019-02-12 17:27:40,541 INFO o.a.j.t.JMeterThread: Thread finished: Thread Group 1-79
2019-02-12 17:27:40,541 INFO o.a.j.t.JMeterThread: Stopping: Thread Group 1-122
2019-02-12 17:27:40,541 WARN o.a.j.t.JMeterThread: Interrupting: Thread Group 1-122 sampler: HTTP Request
2019-02-12 17:27:40,541 INFO o.a.j.t.JMeterThread: Stopping: Thread Group 1-8
2019-02-12 17:27:40,542 INFO o.a.j.t.JMeterThread: Thread finished: Thread Group 1-114
2019-02-12 17:27:40,542 WARN o.a.j.t.JMeterThread: Interrupting: Thread Group 1-8 sampler: HTTP Request
2019-02-12 17:27:40,542 INFO o.a.j.t.JMeterThread: Thread finished: Thread Group 1-122
2019-02-12 17:27:40,542 INFO o.a.j.t.JMeterThread: Stopping: Thread Group 1-182
2019-02-12 17:27:40,542 WARN o.a.j.t.JMeterThread: Interrupting: Thread Group 1-182 sampler: HTTP Request
2019-02-12 17:27:40,542 INFO o.a.j.t.JMeterThread: Stopping: Thread Group 1-1
2019-02-12 17:27:40,542 INFO o.a.j.t.JMeterThread: Thread finished: Thread Group 1-8
2019-02-12 17:27:40,542 WARN o.a.j.t.JMeterThread: Interrupting: Thread Group 1-1 sampler: HTTP Request
2019-02-12 17:27:40,542 INFO o.a.j.t.JMeterThread: Stopping: Thread Group 1-57
2019-02-12 17:27:40,542 INFO o.a.j.t.JMeterThread: Thread finished: Thread Group 1-182
2019-02-12 17:27:40,542 WARN o.a.j.t.JMeterThread: Interrupting: Thread Group 1-57 sampler: HTTP Request
2019-02-12 17:27:40,542 INFO o.a.j.t.JMeterThread: Thread finished: Thread Group 1-1
2019-02-12 17:27:40,542 INFO o.a.j.t.JMeterThread: Stopping: Thread Group 1-17
2019-02-12 17:27:40,543 WARN o.a.j.t.JMeterThread: Interrupting: Thread Group 1-17 sampler: HTTP Request
2019-02-12 17:27:40,543 INFO o.a.j.t.JMeterThread: Stopping: Thread Group 1-157
2019-02-12 17:27:40,543 INFO o.a.j.t.JMeterThread: Thread finished: Thread Group 1-57
2019-02-12 17:27:40,543 WARN o.a.j.t.JMeterThread: Interrupting: Thread Group 1-157 sampler: HTTP Request
2019-02-12 17:27:40,543 INFO o.a.j.t.JMeterThread: Stopping: Thread Group 1-190
2019-02-12 17:27:40,543 INFO o.a.j.t.JMeterThread: Thread finished: Thread Group 1-17
2019-02-12 17:27:40,543 WARN o.a.j.t.JMeterThread: Interrupting: Thread Group 1-190 sampler: HTTP Request
2019-02-12 17:27:40,543 INFO o.a.j.t.JMeterThread: Stopping: Thread Group 1-95
2019-02-12 17:27:40,543 INFO o.a.j.t.JMeterThread: Thread finished: Thread Group 1-157
2019-02-12 17:27:40,543 WARN o.a.j.t.JMeterThread: Interrupting: Thread Group 1-95 sampler: HTTP Request
2019-02-12 17:27:40,543 INFO o.a.j.t.JMeterThread: Thread finished: Thread Group 1-190
2019-02-12 17:27:40,544 INFO o.a.j.t.JMeterThread: Stopping: Thread Group 1-4
2019-02-12 17:27:40,544 WARN o.a.j.t.JMeterThread: Interrupting: Thread Group 1-4 sampler: HTTP Request
2019-02-12 17:27:40,544 INFO o.a.j.t.JMeterThread: Stopping: Thread Group 1-193
2019-02-12 17:27:40,544 INFO o.a.j.t.JMeterThread: Thread finished: Thread Group 1-95
2019-02-12 17:27:40,544 WARN o.a.j.t.JMeterThread: Interrupting: Thread Group 1-193 sampler: HTTP Request
2019-02-12 17:27:40,544 INFO o.a.j.t.JMeterThread: Stopping: Thread Group 1-145
2019-02-12 17:27:40,544 INFO o.a.j.t.JMeterThread: Thread finished: Thread Group 1-4
2019-02-12 17:27:40,544 WARN o.a.j.t.JMeterThread: Interrupting: Thread Group 1-145 sampler: HTTP Request
2019-02-12 17:27:40,544 INFO o.a.j.t.JMeterThread: Stopping: Thread Group 1-163
2019-02-12 17:27:40,544 INFO o.a.j.t.JMeterThread: Thread finished: Thread Group 1-193
2019-02-12 17:27:40,544 WARN o.a.j.t.JMeterThread: Interrupting: Thread Group 1-163 sampler: HTTP Request
2019-02-12 17:27:40,544 INFO o.a.j.t.JMeterThread: Thread finished: Thread Group 1-145
2019-02-12 17:27:40,545 INFO o.a.j.t.JMeterThread: Stopping: Thread Group 1-148
2019-02-12 17:27:40,545 WARN o.a.j.t.JMeterThread: Interrupting: Thread Group 1-148 sampler: HTTP Request
2019-02-12 17:27:40,545 INFO o.a.j.t.JMeterThread: Stopping: Thread Group 1-31
2019-02-12 17:27:40,545 INFO o.a.j.t.JMeterThread: Thread finished: Thread Group 1-163
2019-02-12 17:27:40,545 WARN o.a.j.t.JMeterThread: Interrupting: Thread Group 1-31 sampler: HTTP Request
2019-02-12 17:27:40,545 INFO o.a.j.t.JMeterThread: Thread finished: Thread Group 1-148
2019-02-12 17:27:40,545 INFO o.a.j.t.JMeterThread: Stopping: Thread Group 1-141
2019-02-12 17:27:40,545 WARN o.a.j.t.JMeterThread: Interrupting: Thread Group 1-141 sampler: HTTP Request
2019-02-12 17:27:40,545 INFO o.a.j.t.JMeterThread: Thread finished: Thread Group 1-31
2019-02-12 17:27:40,545 INFO o.a.j.t.JMeterThread: Stopping: Thread Group 1-109
2019-02-12 17:27:40,545 WARN o.a.j.t.JMeterThread: Interrupting: Thread Group 1-109 sampler: HTTP Request
2019-02-12 17:27:40,545 INFO o.a.j.t.JMeterThread: Stopping: Thread Group 1-104
2019-02-12 17:27:40,545 INFO o.a.j.t.JMeterThread: Thread finished: Thread Group 1-141
2019-02-12 17:27:40,545 WARN o.a.j.t.JMeterThread: Interrupting: Thread Group 1-104 sampler: HTTP Request
2019-02-12 17:27:40,546 INFO o.a.j.t.JMeterThread: Stopping: Thread Group 1-60
2019-02-12 17:27:40,546 INFO o.a.j.t.JMeterThread: Thread finished: Thread Group 1-109
2019-02-12 17:27:40,546 WARN o.a.j.t.JMeterThread: Interrupting: Thread Group 1-60 sampler: HTTP Request
2019-02-12 17:27:40,546 INFO o.a.j.t.JMeterThread: Thread finished: Thread Group 1-104
2019-02-12 17:27:40,546 INFO o.a.j.t.JMeterThread: Stopping: Thread Group 1-101
2019-02-12 17:27:40,546 WARN o.a.j.t.JMeterThread: Interrupting: Thread Group 1-101 sampler: HTTP Request
2019-02-12 17:27:40,546 INFO o.a.j.t.JMeterThread: Thread finished: Thread Group 1-60
2019-02-12 17:27:40,546 INFO o.a.j.t.JMeterThread: Stopping: Thread Group 1-18
2019-02-12 17:27:40,546 WARN o.a.j.t.JMeterThread: Interrupting: Thread Group 1-18 sampler: HTTP Request
2019-02-12 17:27:40,546 INFO o.a.j.t.JMeterThread: Stopping: Thread Group 1-160
2019-02-12 17:27:40,546 INFO o.a.j.t.JMeterThread: Thread finished: Thread Group 1-101
2019-02-12 17:27:40,546 WARN o.a.j.t.JMeterThread: Interrupting: Thread Group 1-160 sampler: HTTP Request
2019-02-12 17:27:40,547 INFO o.a.j.t.JMeterThread: Stopping: Thread Group 1-107
2019-02-12 17:27:40,547 INFO o.a.j.t.JMeterThread: Thread finished: Thread Group 1-18
2019-02-12 17:27:40,547 WARN o.a.j.t.JMeterThread: Interrupting: Thread Group 1-107 sampler: HTTP Request
2019-02-12 17:27:40,547 INFO o.a.j.t.JMeterThread: Thread finished: Thread Group 1-160
2019-02-12 17:27:40,547 INFO o.a.j.t.JMeterThread: Stopping: Thread Group 1-90
2019-02-12 17:27:40,547 WARN o.a.j.t.JMeterThread: Interrupting: Thread Group 1-90 sampler: HTTP Request
2019-02-12 17:27:40,547 INFO o.a.j.t.JMeterThread: Stopping: Thread Group 1-147
2019-02-12 17:27:40,547 INFO o.a.j.t.JMeterThread: Thread finished: Thread Group 1-107
2019-02-12 17:27:40,547 WARN o.a.j.t.JMeterThread: Interrupting: Thread Group 1-147 sampler: HTTP Request
2019-02-12 17:27:40,547 INFO o.a.j.t.JMeterThread: Thread finished: Thread Group 1-90
2019-02-12 17:27:40,547 INFO o.a.j.t.JMeterThread: Stopping: Thread Group 1-119
2019-02-12 17:27:40,547 WARN o.a.j.t.JMeterThread: Interrupting: Thread Group 1-119 sampler: HTTP Request
2019-02-12 17:27:40,547 INFO o.a.j.t.JMeterThread: Stopping: Thread Group 1-48
2019-02-12 17:27:40,547 INFO o.a.j.t.JMeterThread: Thread finished: Thread Group 1-147
2019-02-12 17:27:40,548 WARN o.a.j.t.JMeterThread: Interrupting: Thread Group 1-48 sampler: HTTP Request
2019-02-12 17:27:40,548 INFO o.a.j.t.JMeterThread: Stopping: Thread Group 1-54
2019-02-12 17:27:40,548 INFO o.a.j.t.JMeterThread: Thread finished: Thread Group 1-119
2019-02-12 17:27:40,548 WARN o.a.j.t.JMeterThread: Interrupting: Thread Group 1-54 sampler: HTTP Request
2019-02-12 17:27:40,548 INFO o.a.j.t.JMeterThread: Stopping: Thread Group 1-96
2019-02-12 17:27:40,548 INFO o.a.j.t.JMeterThread: Thread finished: Thread Group 1-48
2019-02-12 17:27:40,548 WARN o.a.j.t.JMeterThread: Interrupting: Thread Group 1-96 sampler: HTTP Request
2019-02-12 17:27:40,548 INFO o.a.j.t.JMeterThread: Thread finished: Thread Group 1-54
2019-02-12 17:27:40,548 INFO o.a.j.t.JMeterThread: Stopping: Thread Group 1-129
2019-02-12 17:27:40,548 WARN o.a.j.t.JMeterThread: Interrupting: Thread Group 1-129 sampler: HTTP Request
2019-02-12 17:27:40,548 INFO o.a.j.t.JMeterThread: Stopping: Thread Group 1-138
2019-02-12 17:27:40,548 INFO o.a.j.t.JMeterThread: Thread finished: Thread Group 1-96
2019-02-12 17:27:40,548 WARN o.a.j.t.JMeterThread: Interrupting: Thread Group 1-138 sampler: HTTP Request
2019-02-12 17:27:40,549 INFO o.a.j.t.JMeterThread: Stopping: Thread Group 1-81
2019-02-12 17:27:40,549 WARN o.a.j.t.JMeterThread: Interrupting: Thread Group 1-81 sampler: HTTP Request
2019-02-12 17:27:40,549 INFO o.a.j.t.JMeterThread: Thread finished: Thread Group 1-129
2019-02-12 17:27:40,549 INFO o.a.j.t.JMeterThread: Stopping: Thread Group 1-161
2019-02-12 17:27:40,549 INFO o.a.j.t.JMeterThread: Thread finished: Thread Group 1-138
2019-02-12 17:27:40,549 WARN o.a.j.t.JMeterThread: Interrupting: Thread Group 1-161 sampler: HTTP Request
2019-02-12 17:27:40,549 INFO o.a.j.t.JMeterThread: Thread finished: Thread Group 1-81
2019-02-12 17:27:40,549 INFO o.a.j.t.JMeterThread: Stopping: Thread Group 1-91
2019-02-12 17:27:40,549 WARN o.a.j.t.JMeterThread: Interrupting: Thread Group 1-91 sampler: HTTP Request
2019-02-12 17:27:40,549 INFO o.a.j.t.JMeterThread: Thread finished: Thread Group 1-161
2019-02-12 17:27:40,549 INFO o.a.j.t.JMeterThread: Stopping: Thread Group 1-130
2019-02-12 17:27:40,549 WARN o.a.j.t.JMeterThread: Interrupting: Thread Group 1-130 sampler: HTTP Request
2019-02-12 17:27:40,550 INFO o.a.j.t.JMeterThread: Stopping: Thread Group 1-73
2019-02-12 17:27:40,550 INFO o.a.j.t.JMeterThread: Thread finished: Thread Group 1-91
2019-02-12 17:27:40,550 WARN o.a.j.t.JMeterThread: Interrupting: Thread Group 1-73 sampler: HTTP Request
2019-02-12 17:27:40,551 INFO o.a.j.t.JMeterThread: Thread finished: Thread Group 1-130
2019-02-12 17:27:40,551 INFO o.a.j.t.JMeterThread: Stopping: Thread Group 1-158
2019-02-12 17:27:40,551 WARN o.a.j.t.JMeterThread: Interrupting: Thread Group 1-158 sampler: HTTP Request
2019-02-12 17:27:40,551 INFO o.a.j.t.JMeterThread: Stopping: Thread Group 1-83
2019-02-12 17:27:40,551 WARN o.a.j.t.JMeterThread: Interrupting: Thread Group 1-83 sampler: HTTP Request
2019-02-12 17:27:40,551 INFO o.a.j.t.JMeterThread: Thread finished: Thread Group 1-73
2019-02-12 17:27:40,551 INFO o.a.j.t.JMeterThread: Stopping: Thread Group 1-139
2019-02-12 17:27:40,551 WARN o.a.j.t.JMeterThread: Interrupting: Thread Group 1-139 sampler: HTTP Request
2019-02-12 17:27:40,551 INFO o.a.j.t.JMeterThread: Thread finished: Thread Group 1-158
2019-02-12 17:27:40,551 INFO o.a.j.t.JMeterThread: Stopping: Thread Group 1-28
2019-02-12 17:27:40,551 WARN o.a.j.t.JMeterThread: Interrupting: Thread Group 1-28 sampler: HTTP Request
2019-02-12 17:27:40,552 INFO o.a.j.t.JMeterThread: Thread finished: Thread Group 1-83
2019-02-12 17:27:40,552 INFO o.a.j.t.JMeterThread: Stopping: Thread Group 1-69
2019-02-12 17:27:40,552 INFO o.a.j.t.JMeterThread: Thread finished: Thread Group 1-139
2019-02-12 17:27:40,552 WARN o.a.j.t.JMeterThread: Interrupting: Thread Group 1-69 sampler: HTTP Request
2019-02-12 17:27:40,552 INFO o.a.j.t.JMeterThread: Stopping: Thread Group 1-115
2019-02-12 17:27:40,552 WARN o.a.j.t.JMeterThread: Interrupting: Thread Group 1-115 sampler: HTTP Request
2019-02-12 17:27:40,552 INFO o.a.j.t.JMeterThread: Thread finished: Thread Group 1-28
2019-02-12 17:27:40,553 INFO o.a.j.t.JMeterThread: Thread finished: Thread Group 1-69
2019-02-12 17:27:40,553 INFO o.a.j.t.JMeterThread: Stopping: Thread Group 1-51
2019-02-12 17:27:40,553 WARN o.a.j.t.JMeterThread: Interrupting: Thread Group 1-51 sampler: HTTP Request
2019-02-12 17:27:40,553 INFO o.a.j.t.JMeterThread: Stopping: Thread Group 1-78
2019-02-12 17:27:40,553 WARN o.a.j.t.JMeterThread: Interrupting: Thread Group 1-78 sampler: HTTP Request
2019-02-12 17:27:40,553 INFO o.a.j.t.JMeterThread: Stopping: Thread Group 1-171
2019-02-12 17:27:40,553 INFO o.a.j.t.JMeterThread: Thread finished: Thread Group 1-115
2019-02-12 17:27:40,553 INFO o.a.j.t.JMeterThread: Thread finished: Thread Group 1-51
2019-02-12 17:27:40,553 WARN o.a.j.t.JMeterThread: Interrupting: Thread Group 1-171 sampler: HTTP Request
2019-02-12 17:27:40,554 INFO o.a.j.t.JMeterThread: Stopping: Thread Group 1-162
2019-02-12 17:27:40,554 INFO o.a.j.t.JMeterThread: Thread finished: Thread Group 1-78
2019-02-12 17:27:40,554 WARN o.a.j.t.JMeterThread: Interrupting: Thread Group 1-162 sampler: HTTP Request
2019-02-12 17:27:40,554 INFO o.a.j.t.JMeterThread: Stopping: Thread Group 1-53
2019-02-12 17:27:40,554 INFO o.a.j.t.JMeterThread: Thread finished: Thread Group 1-171
2019-02-12 17:27:40,554 WARN o.a.j.t.JMeterThread: Interrupting: Thread Group 1-53 sampler: HTTP Request
2019-02-12 17:27:40,554 INFO o.a.j.t.JMeterThread: Stopping: Thread Group 1-98
2019-02-12 17:27:40,554 WARN o.a.j.t.JMeterThread: Interrupting: Thread Group 1-98 sampler: HTTP Request
2019-02-12 17:27:40,554 INFO o.a.j.t.JMeterThread: Thread finished: Thread Group 1-162
2019-02-12 17:27:40,554 INFO o.a.j.t.JMeterThread: Stopping: Thread Group 1-197
2019-02-12 17:27:40,554 INFO o.a.j.t.JMeterThread: Thread finished: Thread Group 1-53
2019-02-12 17:27:40,554 WARN o.a.j.t.JMeterThread: Interrupting: Thread Group 1-197 sampler: HTTP Request
2019-02-12 17:27:40,555 INFO o.a.j.t.JMeterThread: Stopping: Thread Group 1-143
2019-02-12 17:27:40,555 INFO o.a.j.t.JMeterThread: Thread finished: Thread Group 1-98
2019-02-12 17:27:40,555 WARN o.a.j.t.JMeterThread: Interrupting: Thread Group 1-143 sampler: HTTP Request
2019-02-12 17:27:40,555 INFO o.a.j.t.JMeterThread: Stopping: Thread Group 1-36
2019-02-12 17:27:40,555 INFO o.a.j.t.JMeterThread: Thread finished: Thread Group 1-197
2019-02-12 17:27:40,555 WARN o.a.j.t.JMeterThread: Interrupting: Thread Group 1-36 sampler: HTTP Request
2019-02-12 17:27:40,555 INFO o.a.j.t.JMeterThread: Stopping: Thread Group 1-9
2019-02-12 17:27:40,555 INFO o.a.j.t.JMeterThread: Thread finished: Thread Group 1-143
2019-02-12 17:27:40,555 WARN o.a.j.t.JMeterThread: Interrupting: Thread Group 1-9 sampler: HTTP Request
2019-02-12 17:27:40,555 INFO o.a.j.t.JMeterThread: Thread finished: Thread Group 1-36
2019-02-12 17:27:40,555 INFO o.a.j.t.JMeterThread: Stopping: Thread Group 1-41
2019-02-12 17:27:40,556 WARN o.a.j.t.JMeterThread: Interrupting: Thread Group 1-41 sampler: HTTP Request
2019-02-12 17:27:40,556 INFO o.a.j.t.JMeterThread: Stopping: Thread Group 1-55
2019-02-12 17:27:40,556 INFO o.a.j.t.JMeterThread: Thread finished: Thread Group 1-9
2019-02-12 17:27:40,556 WARN o.a.j.t.JMeterThread: Interrupting: Thread Group 1-55 sampler: HTTP Request
2019-02-12 17:27:40,556 INFO o.a.j.t.JMeterThread: Thread finished: Thread Group 1-41
2019-02-12 17:27:40,556 INFO o.a.j.t.JMeterThread: Stopping: Thread Group 1-183
2019-02-12 17:27:40,556 WARN o.a.j.t.JMeterThread: Interrupting: Thread Group 1-183 sampler: HTTP Request
2019-02-12 17:27:40,557 INFO o.a.j.t.JMeterThread: Thread finished: Thread Group 1-55
2019-02-12 17:27:40,557 INFO o.a.j.t.JMeterThread: Stopping: Thread Group 1-62
2019-02-12 17:27:40,557 WARN o.a.j.t.JMeterThread: Interrupting: Thread Group 1-62 sampler: HTTP Request
2019-02-12 17:27:40,557 INFO o.a.j.t.JMeterThread: Stopping: Thread Group 1-22
2019-02-12 17:27:40,557 INFO o.a.j.t.JMeterThread: Thread finished: Thread Group 1-183
2019-02-12 17:27:40,557 WARN o.a.j.t.JMeterThread: Interrupting: Thread Group 1-22 sampler: HTTP Request
2019-02-12 17:27:40,557 INFO o.a.j.t.JMeterThread: Stopping: Thread Group 1-59
2019-02-12 17:27:40,557 WARN o.a.j.t.JMeterThread: Interrupting: Thread Group 1-59 sampler: HTTP Request
2019-02-12 17:27:40,557 INFO o.a.j.t.JMeterThread: Thread finished: Thread Group 1-62
2019-02-12 17:27:40,557 INFO o.a.j.t.JMeterThread: Stopping: Thread Group 1-32
2019-02-12 17:27:40,557 INFO o.a.j.t.JMeterThread: Thread finished: Thread Group 1-22
2019-02-12 17:27:40,557 WARN o.a.j.t.JMeterThread: Interrupting: Thread Group 1-32 sampler: HTTP Request
2019-02-12 17:27:40,557 INFO o.a.j.t.JMeterThread: Thread finished: Thread Group 1-59
2019-02-12 17:27:40,557 INFO o.a.j.t.JMeterThread: Stopping: Thread Group 1-110
2019-02-12 17:27:40,558 WARN o.a.j.t.JMeterThread: Interrupting: Thread Group 1-110 sampler: HTTP Request
2019-02-12 17:27:40,558 INFO o.a.j.t.JMeterThread: Stopping: Thread Group 1-189
2019-02-12 17:27:40,558 INFO o.a.j.t.JMeterThread: Thread finished: Thread Group 1-32
2019-02-12 17:27:40,558 WARN o.a.j.t.JMeterThread: Interrupting: Thread Group 1-189 sampler: HTTP Request
2019-02-12 17:27:40,558 INFO o.a.j.t.JMeterThread: Stopping: Thread Group 1-172
2019-02-12 17:27:40,558 INFO o.a.j.t.JMeterThread: Thread finished: Thread Group 1-110
2019-02-12 17:27:40,558 WARN o.a.j.t.JMeterThread: Interrupting: Thread Group 1-172 sampler: HTTP Request
2019-02-12 17:27:40,558 INFO o.a.j.t.JMeterThread: Stopping: Thread Group 1-195
2019-02-12 17:27:40,558 WARN o.a.j.t.JMeterThread: Interrupting: Thread Group 1-195 sampler: HTTP Request
2019-02-12 17:27:40,558 INFO o.a.j.t.JMeterThread: Thread finished: Thread Group 1-189
2019-02-12 17:27:40,558 INFO o.a.j.t.JMeterThread: Stopping: Thread Group 1-94
2019-02-12 17:27:40,558 WARN o.a.j.t.JMeterThread: Interrupting: Thread Group 1-94 sampler: HTTP Request
2019-02-12 17:27:40,558 INFO o.a.j.t.JMeterThread: Thread finished: Thread Group 1-172
2019-02-12 17:27:40,559 INFO o.a.j.t.JMeterThread: Stopping: Thread Group 1-156
2019-02-12 17:27:40,559 INFO o.a.j.t.JMeterThread: Thread finished: Thread Group 1-195
2019-02-12 17:27:40,559 WARN o.a.j.t.JMeterThread: Interrupting: Thread Group 1-156 sampler: HTTP Request
2019-02-12 17:27:40,559 INFO o.a.j.t.JMeterThread: Stopping: Thread Group 1-30
2019-02-12 17:27:40,559 INFO o.a.j.t.JMeterThread: Thread finished: Thread Group 1-94
2019-02-12 17:27:40,559 WARN o.a.j.t.JMeterThread: Interrupting: Thread Group 1-30 sampler: HTTP Request
2019-02-12 17:27:40,559 INFO o.a.j.t.JMeterThread: Thread finished: Thread Group 1-156
2019-02-12 17:27:40,559 INFO o.a.j.t.JMeterThread: Stopping: Thread Group 1-33
2019-02-12 17:27:40,559 WARN o.a.j.t.JMeterThread: Interrupting: Thread Group 1-33 sampler: HTTP Request
2019-02-12 17:27:40,559 INFO o.a.j.t.JMeterThread: Stopping: Thread Group 1-177
2019-02-12 17:27:40,559 INFO o.a.j.t.JMeterThread: Thread finished: Thread Group 1-30
2019-02-12 17:27:40,559 WARN o.a.j.t.JMeterThread: Interrupting: Thread Group 1-177 sampler: HTTP Request
2019-02-12 17:27:40,559 INFO o.a.j.t.JMeterThread: Stopping: Thread Group 1-185
2019-02-12 17:27:40,560 INFO o.a.j.t.JMeterThread: Thread finished: Thread Group 1-33
2019-02-12 17:27:40,560 WARN o.a.j.t.JMeterThread: Interrupting: Thread Group 1-185 sampler: HTTP Request
2019-02-12 17:27:40,560 INFO o.a.j.t.JMeterThread: Thread finished: Thread Group 1-177
2019-02-12 17:27:40,560 INFO o.a.j.t.JMeterThread: Stopping: Thread Group 1-10
2019-02-12 17:27:40,560 WARN o.a.j.t.JMeterThread: Interrupting: Thread Group 1-10 sampler: HTTP Request
2019-02-12 17:27:40,560 INFO o.a.j.t.JMeterThread: Stopping: Thread Group 1-56
2019-02-12 17:27:40,560 INFO o.a.j.t.JMeterThread: Thread finished: Thread Group 1-185
2019-02-12 17:27:40,560 WARN o.a.j.t.JMeterThread: Interrupting: Thread Group 1-56 sampler: HTTP Request
2019-02-12 17:27:40,560 INFO o.a.j.t.JMeterThread: Stopping: Thread Group 1-142
2019-02-12 17:27:40,560 WARN o.a.j.t.JMeterThread: Interrupting: Thread Group 1-142 sampler: HTTP Request
2019-02-12 17:27:40,560 INFO o.a.j.t.JMeterThread: Thread finished: Thread Group 1-10
2019-02-12 17:27:40,560 INFO o.a.j.t.JMeterThread: Stopping: Thread Group 1-144
2019-02-12 17:27:40,560 INFO o.a.j.t.JMeterThread: Thread finished: Thread Group 1-56
2019-02-12 17:27:40,560 WARN o.a.j.t.JMeterThread: Interrupting: Thread Group 1-144 sampler: HTTP Request
2019-02-12 17:27:40,561 INFO o.a.j.t.JMeterThread: Stopping: Thread Group 1-175
2019-02-12 17:27:40,561 WARN o.a.j.t.JMeterThread: Interrupting: Thread Group 1-175 sampler: HTTP Request
2019-02-12 17:27:40,561 INFO o.a.j.t.JMeterThread: Thread finished: Thread Group 1-142
2019-02-12 17:27:40,561 INFO o.a.j.t.JMeterThread: Thread finished: Thread Group 1-144
2019-02-12 17:27:40,561 INFO o.a.j.t.JMeterThread: Stopping: Thread Group 1-165
2019-02-12 17:27:40,561 WARN o.a.j.t.JMeterThread: Interrupting: Thread Group 1-165 sampler: HTTP Request
2019-02-12 17:27:40,561 INFO o.a.j.t.JMeterThread: Stopping: Thread Group 1-120
2019-02-12 17:27:40,561 INFO o.a.j.t.JMeterThread: Thread finished: Thread Group 1-175
2019-02-12 17:27:40,561 WARN o.a.j.t.JMeterThread: Interrupting: Thread Group 1-120 sampler: HTTP Request
2019-02-12 17:27:40,561 INFO o.a.j.t.JMeterThread: Stopping: Thread Group 1-45
2019-02-12 17:27:40,561 WARN o.a.j.t.JMeterThread: Interrupting: Thread Group 1-45 sampler: HTTP Request
2019-02-12 17:27:40,561 INFO o.a.j.t.JMeterThread: Thread finished: Thread Group 1-165
2019-02-12 17:27:40,561 INFO o.a.j.t.JMeterThread: Stopping: Thread Group 1-106
2019-02-12 17:27:40,562 WARN o.a.j.t.JMeterThread: Interrupting: Thread Group 1-106 sampler: HTTP Request
2019-02-12 17:27:40,562 INFO o.a.j.t.JMeterThread: Thread finished: Thread Group 1-120
2019-02-12 17:27:40,562 INFO o.a.j.t.JMeterThread: Stopping: Thread Group 1-126
2019-02-12 17:27:40,562 WARN o.a.j.t.JMeterThread: Interrupting: Thread Group 1-126 sampler: HTTP Request
2019-02-12 17:27:40,562 INFO o.a.j.t.JMeterThread: Thread finished: Thread Group 1-45
2019-02-12 17:27:40,562 INFO o.a.j.t.JMeterThread: Stopping: Thread Group 1-196
2019-02-12 17:27:40,562 INFO o.a.j.t.JMeterThread: Thread finished: Thread Group 1-106
2019-02-12 17:27:40,562 WARN o.a.j.t.JMeterThread: Interrupting: Thread Group 1-196 sampler: HTTP Request
2019-02-12 17:27:40,562 INFO o.a.j.t.JMeterThread: Stopping: Thread Group 1-187
2019-02-12 17:27:40,562 INFO o.a.j.t.JMeterThread: Thread finished: Thread Group 1-126
2019-02-12 17:27:40,562 WARN o.a.j.t.JMeterThread: Interrupting: Thread Group 1-187 sampler: HTTP Request
2019-02-12 17:27:40,562 INFO o.a.j.t.JMeterThread: Thread finished: Thread Group 1-196
2019-02-12 17:27:40,562 INFO o.a.j.t.JMeterThread: Stopping: Thread Group 1-170
2019-02-12 17:27:40,562 WARN o.a.j.t.JMeterThread: Interrupting: Thread Group 1-170 sampler: HTTP Request
2019-02-12 17:27:40,563 INFO o.a.j.t.JMeterThread: Stopping: Thread Group 1-70
2019-02-12 17:27:40,563 INFO o.a.j.t.JMeterThread: Thread finished: Thread Group 1-187
2019-02-12 17:27:40,563 WARN o.a.j.t.JMeterThread: Interrupting: Thread Group 1-70 sampler: HTTP Request
2019-02-12 17:27:40,563 INFO o.a.j.t.JMeterThread: Stopping: Thread Group 1-176
2019-02-12 17:27:40,563 WARN o.a.j.t.JMeterThread: Interrupting: Thread Group 1-176 sampler: HTTP Request
2019-02-12 17:27:40,563 INFO o.a.j.t.JMeterThread: Thread finished: Thread Group 1-170
2019-02-12 17:27:40,563 INFO o.a.j.t.JMeterThread: Thread finished: Thread Group 1-70
2019-02-12 17:27:40,563 INFO o.a.j.t.JMeterThread: Stopping: Thread Group 1-12
2019-02-12 17:27:40,563 WARN o.a.j.t.JMeterThread: Interrupting: Thread Group 1-12 sampler: HTTP Request
2019-02-12 17:27:40,563 INFO o.a.j.t.JMeterThread: Thread finished: Thread Group 1-176
2019-02-12 17:27:40,564 INFO o.a.j.t.JMeterThread: Thread finished: Thread Group 1-12
2019-02-12 17:27:40,564 INFO o.a.j.e.StandardJMeterEngine: Notifying test listeners of end of test
2019-02-12 17:27:40,564 INFO o.a.j.g.u.JMeterMenuBar: setRunning(false, *local*)
